{"/Users/siete/Public/sound-book/src/App.jsx": {"path":"/Users/siete/Public/sound-book/src/App.jsx","statementMap":{"0":{"start":{"line":8,"column":20},"end":{"line":8,"column":null}},"1":{"start":{"line":11,"column":15},"end":{"line":11,"column":null}},"2":{"start":{"line":12,"column":18},"end":{"line":12,"column":null}},"3":{"start":{"line":16,"column":4},"end":{"line":16,"column":null}},"4":{"start":{"line":16,"column":28},"end":{"line":16,"column":null}},"5":{"start":{"line":17,"column":4},"end":{"line":34,"column":null}},"6":{"start":{"line":18,"column":30},"end":{"line":22,"column":null}},"7":{"start":{"line":24,"column":6},"end":{"line":24,"column":null}},"8":{"start":{"line":24,"column":26},"end":{"line":24,"column":null}},"9":{"start":{"line":27,"column":28},"end":{"line":27,"column":null}},"10":{"start":{"line":28,"column":24},"end":{"line":28,"column":null}},"11":{"start":{"line":30,"column":6},"end":{"line":30,"column":null}},"12":{"start":{"line":32,"column":6},"end":{"line":32,"column":null}},"13":{"start":{"line":33,"column":6},"end":{"line":33,"column":null}},"14":{"start":{"line":37,"column":2},"end":{"line":62,"column":null}},"15":{"start":{"line":39,"column":6},"end":{"line":59,"column":null}},"16":{"start":{"line":40,"column":20},"end":{"line":40,"column":null}},"17":{"start":{"line":41,"column":8},"end":{"line":54,"column":null}},"18":{"start":{"line":42,"column":26},"end":{"line":42,"column":null}},"19":{"start":{"line":43,"column":10},"end":{"line":53,"column":null}},"20":{"start":{"line":45,"column":28},"end":{"line":45,"column":null}},"21":{"start":{"line":46,"column":12},"end":{"line":52,"column":null}},"22":{"start":{"line":47,"column":14},"end":{"line":47,"column":null}},"23":{"start":{"line":50,"column":14},"end":{"line":50,"column":null}},"24":{"start":{"line":51,"column":14},"end":{"line":51,"column":null}},"25":{"start":{"line":56,"column":8},"end":{"line":56,"column":null}},"26":{"start":{"line":58,"column":8},"end":{"line":58,"column":null}},"27":{"start":{"line":61,"column":4},"end":{"line":61,"column":null}},"28":{"start":{"line":65,"column":2},"end":{"line":80,"column":null}},"29":{"start":{"line":66,"column":4},"end":{"line":66,"column":null}},"30":{"start":{"line":66,"column":15},"end":{"line":66,"column":null}},"31":{"start":{"line":68,"column":21},"end":{"line":77,"column":null}},"32":{"start":{"line":69,"column":18},"end":{"line":69,"column":null}},"33":{"start":{"line":70,"column":6},"end":{"line":76,"column":null}},"34":{"start":{"line":71,"column":24},"end":{"line":71,"column":null}},"35":{"start":{"line":72,"column":24},"end":{"line":72,"column":null}},"36":{"start":{"line":73,"column":8},"end":{"line":75,"column":null}},"37":{"start":{"line":74,"column":10},"end":{"line":74,"column":null}},"38":{"start":{"line":79,"column":4},"end":{"line":79,"column":null}},"39":{"start":{"line":79,"column":17},"end":{"line":79,"column":null}},"40":{"start":{"line":84,"column":4},"end":{"line":88,"column":null}},"41":{"start":{"line":85,"column":6},"end":{"line":85,"column":null}},"42":{"start":{"line":87,"column":6},"end":{"line":87,"column":null}},"43":{"start":{"line":89,"column":4},"end":{"line":89,"column":null}},"44":{"start":{"line":93,"column":4},"end":{"line":97,"column":null}},"45":{"start":{"line":94,"column":6},"end":{"line":94,"column":null}},"46":{"start":{"line":96,"column":6},"end":{"line":96,"column":null}},"47":{"start":{"line":98,"column":4},"end":{"line":98,"column":null}},"48":{"start":{"line":101,"column":2},"end":{"line":135,"column":null}}},"fnMap":{"0":{"name":"App","decl":{"start":{"line":10,"column":24},"end":{"line":10,"column":30}},"loc":{"start":{"line":10,"column":30},"end":{"line":137,"column":null}},"line":10},"1":{"name":"validateSession","decl":{"start":{"line":15,"column":17},"end":{"line":15,"column":33}},"loc":{"start":{"line":15,"column":42},"end":{"line":35,"column":null}},"line":15},"2":{"name":"(anonymous_2)","decl":{"start":{"line":37,"column":2},"end":{"line":37,"column":18}},"loc":{"start":{"line":37,"column":18},"end":{"line":62,"column":5}},"line":37},"3":{"name":"loadSession","decl":{"start":{"line":38,"column":19},"end":{"line":38,"column":33}},"loc":{"start":{"line":38,"column":33},"end":{"line":60,"column":null}},"line":38},"4":{"name":"(anonymous_4)","decl":{"start":{"line":65,"column":2},"end":{"line":65,"column":18}},"loc":{"start":{"line":65,"column":18},"end":{"line":80,"column":5}},"line":65},"5":{"name":"(anonymous_5)","decl":{"start":{"line":68,"column":33},"end":{"line":68,"column":45}},"loc":{"start":{"line":68,"column":45},"end":{"line":77,"column":7}},"line":68},"6":{"name":"(anonymous_6)","decl":{"start":{"line":79,"column":4},"end":{"line":79,"column":17}},"loc":{"start":{"line":79,"column":17},"end":{"line":79,"column":null}},"line":79},"7":{"name":"handleLogin","decl":{"start":{"line":82,"column":11},"end":{"line":82,"column":23}},"loc":{"start":{"line":82,"column":32},"end":{"line":90,"column":null}},"line":82},"8":{"name":"handleLogout","decl":{"start":{"line":92,"column":11},"end":{"line":92,"column":26}},"loc":{"start":{"line":92,"column":26},"end":{"line":99,"column":null}},"line":92}},"branchMap":{"0":{"loc":{"start":{"line":16,"column":4},"end":{"line":16,"column":null}},"type":"if","locations":[{"start":{"line":16,"column":4},"end":{"line":16,"column":null}},{"start":{},"end":{}}],"line":16},"1":{"loc":{"start":{"line":24,"column":6},"end":{"line":24,"column":null}},"type":"if","locations":[{"start":{"line":24,"column":6},"end":{"line":24,"column":null}},{"start":{},"end":{}}],"line":24},"2":{"loc":{"start":{"line":24,"column":10},"end":{"line":24,"column":26}},"type":"binary-expr","locations":[{"start":{"line":24,"column":10},"end":{"line":24,"column":19}},{"start":{"line":24,"column":19},"end":{"line":24,"column":26}}],"line":24},"3":{"loc":{"start":{"line":27,"column":28},"end":{"line":27,"column":null}},"type":"binary-expr","locations":[{"start":{"line":27,"column":28},"end":{"line":27,"column":55}},{"start":{"line":27,"column":55},"end":{"line":27,"column":null}}],"line":27},"4":{"loc":{"start":{"line":28,"column":24},"end":{"line":28,"column":null}},"type":"binary-expr","locations":[{"start":{"line":28,"column":24},"end":{"line":28,"column":48}},{"start":{"line":28,"column":48},"end":{"line":28,"column":null}}],"line":28},"5":{"loc":{"start":{"line":41,"column":8},"end":{"line":54,"column":null}},"type":"if","locations":[{"start":{"line":41,"column":8},"end":{"line":54,"column":null}},{"start":{},"end":{}}],"line":41},"6":{"loc":{"start":{"line":43,"column":10},"end":{"line":53,"column":null}},"type":"if","locations":[{"start":{"line":43,"column":10},"end":{"line":53,"column":null}},{"start":{},"end":{}}],"line":43},"7":{"loc":{"start":{"line":46,"column":12},"end":{"line":52,"column":null}},"type":"if","locations":[{"start":{"line":46,"column":12},"end":{"line":52,"column":null}},{"start":{"line":48,"column":19},"end":{"line":52,"column":null}}],"line":46},"8":{"loc":{"start":{"line":66,"column":4},"end":{"line":66,"column":null}},"type":"if","locations":[{"start":{"line":66,"column":4},"end":{"line":66,"column":null}},{"start":{},"end":{}}],"line":66},"9":{"loc":{"start":{"line":70,"column":6},"end":{"line":76,"column":null}},"type":"if","locations":[{"start":{"line":70,"column":6},"end":{"line":76,"column":null}},{"start":{},"end":{}}],"line":70},"10":{"loc":{"start":{"line":73,"column":8},"end":{"line":75,"column":null}},"type":"if","locations":[{"start":{"line":73,"column":8},"end":{"line":75,"column":null}},{"start":{},"end":{}}],"line":73},"11":{"loc":{"start":{"line":103,"column":7},"end":{"line":134,"column":9}},"type":"cond-expr","locations":[{"start":{"line":104,"column":8},"end":{"line":127,"column":11}},{"start":{"line":127,"column":10},"end":{"line":134,"column":9}}],"line":103},"12":{"loc":{"start":{"line":127,"column":10},"end":{"line":134,"column":9}},"type":"cond-expr","locations":[{"start":{"line":128,"column":8},"end":{"line":129,"column":16}},{"start":{"line":129,"column":10},"end":{"line":134,"column":9}}],"line":127},"13":{"loc":{"start":{"line":129,"column":10},"end":{"line":134,"column":9}},"type":"cond-expr","locations":[{"start":{"line":130,"column":8},"end":{"line":132,"column":9}},{"start":{"line":132,"column":8},"end":{"line":134,"column":9}}],"line":129}},"s":{"0":1,"1":9,"2":9,"3":0,"4":0,"5":0,"6":0,"7":0,"8":0,"9":0,"10":0,"11":0,"12":0,"13":0,"14":9,"15":3,"16":3,"17":3,"18":0,"19":0,"20":0,"21":0,"22":0,"23":0,"24":0,"25":0,"26":3,"27":3,"28":9,"29":6,"30":4,"31":2,"32":0,"33":0,"34":0,"35":0,"36":0,"37":0,"38":2,"39":2,"40":2,"41":2,"42":0,"43":2,"44":1,"45":1,"46":0,"47":1,"48":9},"f":{"0":9,"1":0,"2":3,"3":3,"4":6,"5":0,"6":2,"7":2,"8":1},"b":{"0":[0,0],"1":[0,0],"2":[0,0],"3":[0,0],"4":[0,0],"5":[0,3],"6":[0,0],"7":[0,0],"8":[4,2],"9":[0,0],"10":[0,0],"11":[3,6],"12":[4,2],"13":[0,2]},"meta":{"lastBranch":14,"lastFunction":9,"lastStatement":49,"seen":{"s:8:20:8:Infinity":0,"f:10:24:10:30":0,"s:11:15:11:Infinity":1,"s:12:18:12:Infinity":2,"f:15:17:15:33":1,"b:16:4:16:Infinity:undefined:undefined:undefined:undefined":0,"s:16:4:16:Infinity":3,"s:16:28:16:Infinity":4,"s:17:4:34:Infinity":5,"s:18:30:22:Infinity":6,"b:24:6:24:Infinity:undefined:undefined:undefined:undefined":1,"s:24:6:24:Infinity":7,"b:24:10:24:19:24:19:24:26":2,"s:24:26:24:Infinity":8,"s:27:28:27:Infinity":9,"b:27:28:27:55:27:55:27:Infinity":3,"s:28:24:28:Infinity":10,"b:28:24:28:48:28:48:28:Infinity":4,"s:30:6:30:Infinity":11,"s:32:6:32:Infinity":12,"s:33:6:33:Infinity":13,"s:37:2:62:Infinity":14,"f:37:2:37:18":2,"f:38:19:38:33":3,"s:39:6:59:Infinity":15,"s:40:20:40:Infinity":16,"b:41:8:54:Infinity:undefined:undefined:undefined:undefined":5,"s:41:8:54:Infinity":17,"s:42:26:42:Infinity":18,"b:43:10:53:Infinity:undefined:undefined:undefined:undefined":6,"s:43:10:53:Infinity":19,"s:45:28:45:Infinity":20,"b:46:12:52:Infinity:48:19:52:Infinity":7,"s:46:12:52:Infinity":21,"s:47:14:47:Infinity":22,"s:50:14:50:Infinity":23,"s:51:14:51:Infinity":24,"s:56:8:56:Infinity":25,"s:58:8:58:Infinity":26,"s:61:4:61:Infinity":27,"s:65:2:80:Infinity":28,"f:65:2:65:18":4,"b:66:4:66:Infinity:undefined:undefined:undefined:undefined":8,"s:66:4:66:Infinity":29,"s:66:15:66:Infinity":30,"s:68:21:77:Infinity":31,"f:68:33:68:45":5,"s:69:18:69:Infinity":32,"b:70:6:76:Infinity:undefined:undefined:undefined:undefined":9,"s:70:6:76:Infinity":33,"s:71:24:71:Infinity":34,"s:72:24:72:Infinity":35,"b:73:8:75:Infinity:undefined:undefined:undefined:undefined":10,"s:73:8:75:Infinity":36,"s:74:10:74:Infinity":37,"s:79:4:79:Infinity":38,"f:79:4:79:17":6,"s:79:17:79:Infinity":39,"f:82:11:82:23":7,"s:84:4:88:Infinity":40,"s:85:6:85:Infinity":41,"s:87:6:87:Infinity":42,"s:89:4:89:Infinity":43,"f:92:11:92:26":8,"s:93:4:97:Infinity":44,"s:94:6:94:Infinity":45,"s:96:6:96:Infinity":46,"s:98:4:98:Infinity":47,"s:101:2:135:Infinity":48,"b:104:8:127:11:127:10:134:9":11,"b:128:8:129:16:129:10:134:9":12,"b:130:8:132:9:132:8:134:9":13}}}
,"/Users/siete/Public/sound-book/src/components/AdminPayments/AdminPayments.jsx": {"path":"/Users/siete/Public/sound-book/src/components/AdminPayments/AdminPayments.jsx","statementMap":{"0":{"start":{"line":7,"column":16},"end":{"line":7,"column":null}},"1":{"start":{"line":8,"column":25},"end":{"line":8,"column":null}},"2":{"start":{"line":9,"column":23},"end":{"line":9,"column":null}},"3":{"start":{"line":10,"column":24},"end":{"line":10,"column":null}},"4":{"start":{"line":11,"column":17},"end":{"line":11,"column":null}},"5":{"start":{"line":12,"column":22},"end":{"line":19,"column":null}},"6":{"start":{"line":14,"column":14},"end":{"line":14,"column":null}},"7":{"start":{"line":15,"column":4},"end":{"line":15,"column":null}},"8":{"start":{"line":16,"column":16},"end":{"line":16,"column":null}},"9":{"start":{"line":17,"column":18},"end":{"line":17,"column":null}},"10":{"start":{"line":18,"column":4},"end":{"line":18,"column":null}},"11":{"start":{"line":20,"column":19},"end":{"line":20,"column":null}},"12":{"start":{"line":21,"column":22},"end":{"line":21,"column":null}},"13":{"start":{"line":22,"column":18},"end":{"line":22,"column":null}},"14":{"start":{"line":23,"column":19},"end":{"line":23,"column":null}},"15":{"start":{"line":25,"column":2},"end":{"line":46,"column":null}},"16":{"start":{"line":27,"column":6},"end":{"line":43,"column":null}},"17":{"start":{"line":28,"column":32},"end":{"line":32,"column":null}},"18":{"start":{"line":34,"column":8},"end":{"line":38,"column":null}},"19":{"start":{"line":35,"column":10},"end":{"line":35,"column":null}},"20":{"start":{"line":36,"column":10},"end":{"line":36,"column":null}},"21":{"start":{"line":37,"column":10},"end":{"line":37,"column":null}},"22":{"start":{"line":39,"column":8},"end":{"line":39,"column":null}},"23":{"start":{"line":41,"column":8},"end":{"line":41,"column":null}},"24":{"start":{"line":42,"column":8},"end":{"line":42,"column":null}},"25":{"start":{"line":45,"column":4},"end":{"line":45,"column":null}},"26":{"start":{"line":49,"column":2},"end":{"line":76,"column":null}},"27":{"start":{"line":51,"column":6},"end":{"line":53,"column":null}},"28":{"start":{"line":52,"column":8},"end":{"line":52,"column":null}},"29":{"start":{"line":54,"column":6},"end":{"line":73,"column":null}},"30":{"start":{"line":55,"column":20},"end":{"line":58,"column":null}},"31":{"start":{"line":60,"column":8},"end":{"line":62,"column":null}},"32":{"start":{"line":61,"column":10},"end":{"line":61,"column":null}},"33":{"start":{"line":64,"column":32},"end":{"line":64,"column":null}},"34":{"start":{"line":66,"column":8},"end":{"line":69,"column":null}},"35":{"start":{"line":67,"column":10},"end":{"line":67,"column":null}},"36":{"start":{"line":68,"column":10},"end":{"line":68,"column":null}},"37":{"start":{"line":70,"column":8},"end":{"line":70,"column":null}},"38":{"start":{"line":72,"column":8},"end":{"line":72,"column":null}},"39":{"start":{"line":75,"column":4},"end":{"line":75,"column":null}},"40":{"start":{"line":78,"column":2},"end":{"line":106,"column":null}},"41":{"start":{"line":80,"column":6},"end":{"line":83,"column":null}},"42":{"start":{"line":81,"column":8},"end":{"line":81,"column":null}},"43":{"start":{"line":82,"column":8},"end":{"line":82,"column":null}},"44":{"start":{"line":84,"column":6},"end":{"line":103,"column":null}},"45":{"start":{"line":85,"column":26},"end":{"line":85,"column":null}},"46":{"start":{"line":86,"column":24},"end":{"line":86,"column":null}},"47":{"start":{"line":88,"column":32},"end":{"line":94,"column":null}},"48":{"start":{"line":96,"column":8},"end":{"line":99,"column":null}},"49":{"start":{"line":97,"column":10},"end":{"line":97,"column":null}},"50":{"start":{"line":98,"column":10},"end":{"line":98,"column":null}},"51":{"start":{"line":100,"column":8},"end":{"line":100,"column":null}},"52":{"start":{"line":102,"column":8},"end":{"line":102,"column":null}},"53":{"start":{"line":105,"column":4},"end":{"line":105,"column":null}},"54":{"start":{"line":109,"column":4},"end":{"line":109,"column":null}},"55":{"start":{"line":111,"column":4},"end":{"line":114,"column":null}},"56":{"start":{"line":112,"column":6},"end":{"line":112,"column":null}},"57":{"start":{"line":113,"column":6},"end":{"line":113,"column":null}},"58":{"start":{"line":116,"column":4},"end":{"line":119,"column":null}},"59":{"start":{"line":117,"column":6},"end":{"line":117,"column":null}},"60":{"start":{"line":118,"column":6},"end":{"line":118,"column":null}},"61":{"start":{"line":121,"column":4},"end":{"line":121,"column":null}},"62":{"start":{"line":123,"column":4},"end":{"line":163,"column":null}},"63":{"start":{"line":124,"column":27},"end":{"line":124,"column":null}},"64":{"start":{"line":125,"column":24},"end":{"line":133,"column":null}},"65":{"start":{"line":135,"column":6},"end":{"line":140,"column":null}},"66":{"start":{"line":136,"column":8},"end":{"line":136,"column":null}},"67":{"start":{"line":137,"column":8},"end":{"line":137,"column":null}},"68":{"start":{"line":138,"column":8},"end":{"line":138,"column":null}},"69":{"start":{"line":139,"column":8},"end":{"line":139,"column":null}},"70":{"start":{"line":142,"column":6},"end":{"line":142,"column":null}},"71":{"start":{"line":143,"column":6},"end":{"line":143,"column":null}},"72":{"start":{"line":146,"column":16},"end":{"line":146,"column":null}},"73":{"start":{"line":147,"column":24},"end":{"line":147,"column":null}},"74":{"start":{"line":148,"column":22},"end":{"line":148,"column":null}},"75":{"start":{"line":149,"column":23},"end":{"line":155,"column":null}},"76":{"start":{"line":157,"column":6},"end":{"line":157,"column":null}},"77":{"start":{"line":159,"column":6},"end":{"line":159,"column":null}},"78":{"start":{"line":160,"column":6},"end":{"line":160,"column":null}},"79":{"start":{"line":162,"column":6},"end":{"line":162,"column":null}},"80":{"start":{"line":167,"column":19},"end":{"line":170,"column":null}},"81":{"start":{"line":171,"column":4},"end":{"line":171,"column":null}},"82":{"start":{"line":175,"column":20},"end":{"line":175,"column":null}},"83":{"start":{"line":177,"column":4},"end":{"line":185,"column":null}},"84":{"start":{"line":178,"column":19},"end":{"line":178,"column":null}},"85":{"start":{"line":179,"column":23},"end":{"line":179,"column":null}},"86":{"start":{"line":181,"column":6},"end":{"line":183,"column":null}},"87":{"start":{"line":182,"column":8},"end":{"line":182,"column":null}},"88":{"start":{"line":184,"column":6},"end":{"line":184,"column":null}},"89":{"start":{"line":187,"column":4},"end":{"line":193,"column":null}},"90":{"start":{"line":188,"column":22},"end":{"line":188,"column":46}},"91":{"start":{"line":189,"column":43},"end":{"line":193,"column":8}},"92":{"start":{"line":192,"column":48},"end":{"line":192,"column":81}},"93":{"start":{"line":196,"column":23},"end":{"line":196,"column":null}},"94":{"start":{"line":196,"column":39},"end":{"line":196,"column":78}},"95":{"start":{"line":197,"column":24},"end":{"line":197,"column":null}},"96":{"start":{"line":197,"column":52},"end":{"line":197,"column":85}},"97":{"start":{"line":198,"column":27},"end":{"line":198,"column":null}},"98":{"start":{"line":198,"column":58},"end":{"line":198,"column":91}},"99":{"start":{"line":199,"column":26},"end":{"line":199,"column":null}},"100":{"start":{"line":201,"column":2},"end":{"line":377,"column":null}},"101":{"start":{"line":206,"column":25},"end":{"line":206,"column":null}},"102":{"start":{"line":212,"column":25},"end":{"line":212,"column":null}},"103":{"start":{"line":230,"column":33},"end":{"line":230,"column":null}},"104":{"start":{"line":235,"column":18},"end":{"line":237,"column":null}},"105":{"start":{"line":246,"column":42},"end":{"line":246,"column":null}},"106":{"start":{"line":247,"column":37},"end":{"line":247,"column":null}},"107":{"start":{"line":249,"column":20},"end":{"line":290,"column":null}},"108":{"start":{"line":262,"column":48},"end":{"line":262,"column":null}},"109":{"start":{"line":262,"column":64},"end":{"line":262,"column":104}},"110":{"start":{"line":263,"column":28},"end":{"line":286,"column":null}},"111":{"start":{"line":314,"column":33},"end":{"line":314,"column":null}},"112":{"start":{"line":319,"column":18},"end":{"line":321,"column":null}},"113":{"start":{"line":336,"column":41},"end":{"line":336,"column":null}},"114":{"start":{"line":355,"column":41},"end":{"line":355,"column":null}}},"fnMap":{"0":{"name":"AdminPayments","decl":{"start":{"line":6,"column":24},"end":{"line":6,"column":38}},"loc":{"start":{"line":6,"column":48},"end":{"line":379,"column":null}},"line":6},"1":{"name":"(anonymous_1)","decl":{"start":{"line":12,"column":40},"end":{"line":12,"column":55}},"loc":{"start":{"line":12,"column":55},"end":{"line":19,"column":3}},"line":12},"2":{"name":"(anonymous_2)","decl":{"start":{"line":25,"column":2},"end":{"line":25,"column":18}},"loc":{"start":{"line":25,"column":18},"end":{"line":46,"column":5}},"line":25},"3":{"name":"fetchUsers","decl":{"start":{"line":26,"column":19},"end":{"line":26,"column":32}},"loc":{"start":{"line":26,"column":32},"end":{"line":44,"column":null}},"line":26},"4":{"name":"(anonymous_4)","decl":{"start":{"line":49,"column":2},"end":{"line":49,"column":18}},"loc":{"start":{"line":49,"column":18},"end":{"line":76,"column":5}},"line":49},"5":{"name":"fetchAllPayments","decl":{"start":{"line":50,"column":19},"end":{"line":50,"column":38}},"loc":{"start":{"line":50,"column":38},"end":{"line":74,"column":null}},"line":50},"6":{"name":"(anonymous_6)","decl":{"start":{"line":78,"column":2},"end":{"line":78,"column":18}},"loc":{"start":{"line":78,"column":18},"end":{"line":106,"column":5}},"line":78},"7":{"name":"fetchPayments","decl":{"start":{"line":79,"column":19},"end":{"line":79,"column":35}},"loc":{"start":{"line":79,"column":35},"end":{"line":104,"column":null}},"line":79},"8":{"name":"handleRegisterPayment","decl":{"start":{"line":108,"column":17},"end":{"line":108,"column":39}},"loc":{"start":{"line":108,"column":42},"end":{"line":164,"column":null}},"line":108},"9":{"name":"getMonthName","decl":{"start":{"line":166,"column":11},"end":{"line":166,"column":24}},"loc":{"start":{"line":166,"column":31},"end":{"line":172,"column":null}},"line":166},"10":{"name":"groupPaymentsByMonth","decl":{"start":{"line":174,"column":11},"end":{"line":174,"column":32}},"loc":{"start":{"line":174,"column":47},"end":{"line":194,"column":null}},"line":174},"11":{"name":"(anonymous_11)","decl":{"start":{"line":177,"column":18},"end":{"line":177,"column":26}},"loc":{"start":{"line":177,"column":37},"end":{"line":185,"column":5}},"line":177},"12":{"name":"(anonymous_12)","decl":{"start":{"line":188,"column":7},"end":{"line":188,"column":13}},"loc":{"start":{"line":188,"column":22},"end":{"line":188,"column":46}},"line":188},"13":{"name":"(anonymous_13)","decl":{"start":{"line":189,"column":7},"end":{"line":189,"column":12}},"loc":{"start":{"line":189,"column":43},"end":{"line":193,"column":8}},"line":189},"14":{"name":"(anonymous_14)","decl":{"start":{"line":192,"column":29},"end":{"line":192,"column":37}},"loc":{"start":{"line":192,"column":48},"end":{"line":192,"column":81}},"line":192},"15":{"name":"(anonymous_15)","decl":{"start":{"line":196,"column":29},"end":{"line":196,"column":34}},"loc":{"start":{"line":196,"column":39},"end":{"line":196,"column":78}},"line":196},"16":{"name":"(anonymous_16)","decl":{"start":{"line":197,"column":33},"end":{"line":197,"column":41}},"loc":{"start":{"line":197,"column":52},"end":{"line":197,"column":85}},"line":197},"17":{"name":"(anonymous_17)","decl":{"start":{"line":198,"column":39},"end":{"line":198,"column":47}},"loc":{"start":{"line":198,"column":58},"end":{"line":198,"column":91}},"line":198},"18":{"name":"(anonymous_18)","decl":{"start":{"line":206,"column":10},"end":{"line":206,"column":25}},"loc":{"start":{"line":206,"column":25},"end":{"line":206,"column":null}},"line":206},"19":{"name":"(anonymous_19)","decl":{"start":{"line":212,"column":10},"end":{"line":212,"column":25}},"loc":{"start":{"line":212,"column":25},"end":{"line":212,"column":null}},"line":212},"20":{"name":"(anonymous_20)","decl":{"start":{"line":230,"column":16},"end":{"line":230,"column":27}},"loc":{"start":{"line":230,"column":33},"end":{"line":230,"column":null}},"line":230},"21":{"name":"(anonymous_21)","decl":{"start":{"line":234,"column":23},"end":{"line":234,"column":27}},"loc":{"start":{"line":235,"column":18},"end":{"line":237,"column":null}},"line":235},"22":{"name":"(anonymous_22)","decl":{"start":{"line":245,"column":35},"end":{"line":245,"column":40}},"loc":{"start":{"line":245,"column":89},"end":{"line":292,"column":19}},"line":245},"23":{"name":"(anonymous_23)","decl":{"start":{"line":261,"column":41},"end":{"line":261,"column":46}},"loc":{"start":{"line":261,"column":58},"end":{"line":288,"column":27}},"line":261},"24":{"name":"(anonymous_24)","decl":{"start":{"line":262,"column":54},"end":{"line":262,"column":59}},"loc":{"start":{"line":262,"column":64},"end":{"line":262,"column":104}},"line":262},"25":{"name":"(anonymous_25)","decl":{"start":{"line":314,"column":16},"end":{"line":314,"column":27}},"loc":{"start":{"line":314,"column":33},"end":{"line":314,"column":null}},"line":314},"26":{"name":"(anonymous_26)","decl":{"start":{"line":318,"column":23},"end":{"line":318,"column":27}},"loc":{"start":{"line":319,"column":18},"end":{"line":321,"column":null}},"line":319},"27":{"name":"(anonymous_27)","decl":{"start":{"line":336,"column":24},"end":{"line":336,"column":35}},"loc":{"start":{"line":336,"column":41},"end":{"line":336,"column":null}},"line":336},"28":{"name":"(anonymous_28)","decl":{"start":{"line":355,"column":24},"end":{"line":355,"column":35}},"loc":{"start":{"line":355,"column":41},"end":{"line":355,"column":null}},"line":355}},"branchMap":{"0":{"loc":{"start":{"line":34,"column":8},"end":{"line":38,"column":null}},"type":"if","locations":[{"start":{"line":34,"column":8},"end":{"line":38,"column":null}},{"start":{},"end":{}}],"line":34},"1":{"loc":{"start":{"line":39,"column":17},"end":{"line":39,"column":27}},"type":"binary-expr","locations":[{"start":{"line":39,"column":17},"end":{"line":39,"column":25}},{"start":{"line":39,"column":25},"end":{"line":39,"column":27}}],"line":39},"2":{"loc":{"start":{"line":51,"column":6},"end":{"line":53,"column":null}},"type":"if","locations":[{"start":{"line":51,"column":6},"end":{"line":53,"column":null}},{"start":{},"end":{}}],"line":51},"3":{"loc":{"start":{"line":60,"column":8},"end":{"line":62,"column":null}},"type":"if","locations":[{"start":{"line":60,"column":8},"end":{"line":62,"column":null}},{"start":{},"end":{}}],"line":60},"4":{"loc":{"start":{"line":66,"column":8},"end":{"line":69,"column":null}},"type":"if","locations":[{"start":{"line":66,"column":8},"end":{"line":69,"column":null}},{"start":{},"end":{}}],"line":66},"5":{"loc":{"start":{"line":70,"column":23},"end":{"line":70,"column":33}},"type":"binary-expr","locations":[{"start":{"line":70,"column":23},"end":{"line":70,"column":31}},{"start":{"line":70,"column":31},"end":{"line":70,"column":33}}],"line":70},"6":{"loc":{"start":{"line":80,"column":6},"end":{"line":83,"column":null}},"type":"if","locations":[{"start":{"line":80,"column":6},"end":{"line":83,"column":null}},{"start":{},"end":{}}],"line":80},"7":{"loc":{"start":{"line":80,"column":10},"end":{"line":80,"column":54}},"type":"binary-expr","locations":[{"start":{"line":80,"column":10},"end":{"line":80,"column":29}},{"start":{"line":80,"column":29},"end":{"line":80,"column":54}}],"line":80},"8":{"loc":{"start":{"line":96,"column":8},"end":{"line":99,"column":null}},"type":"if","locations":[{"start":{"line":96,"column":8},"end":{"line":99,"column":null}},{"start":{},"end":{}}],"line":96},"9":{"loc":{"start":{"line":100,"column":20},"end":{"line":100,"column":30}},"type":"binary-expr","locations":[{"start":{"line":100,"column":20},"end":{"line":100,"column":28}},{"start":{"line":100,"column":28},"end":{"line":100,"column":30}}],"line":100},"10":{"loc":{"start":{"line":111,"column":4},"end":{"line":114,"column":null}},"type":"if","locations":[{"start":{"line":111,"column":4},"end":{"line":114,"column":null}},{"start":{},"end":{}}],"line":111},"11":{"loc":{"start":{"line":116,"column":4},"end":{"line":119,"column":null}},"type":"if","locations":[{"start":{"line":116,"column":4},"end":{"line":119,"column":null}},{"start":{},"end":{}}],"line":116},"12":{"loc":{"start":{"line":116,"column":8},"end":{"line":116,"column":44}},"type":"binary-expr","locations":[{"start":{"line":116,"column":8},"end":{"line":116,"column":19}},{"start":{"line":116,"column":19},"end":{"line":116,"column":44}}],"line":116},"13":{"loc":{"start":{"line":135,"column":6},"end":{"line":140,"column":null}},"type":"if","locations":[{"start":{"line":135,"column":6},"end":{"line":140,"column":null}},{"start":{},"end":{}}],"line":135},"14":{"loc":{"start":{"line":157,"column":18},"end":{"line":157,"column":28}},"type":"binary-expr","locations":[{"start":{"line":157,"column":18},"end":{"line":157,"column":26}},{"start":{"line":157,"column":26},"end":{"line":157,"column":28}}],"line":157},"15":{"loc":{"start":{"line":181,"column":6},"end":{"line":183,"column":null}},"type":"if","locations":[{"start":{"line":181,"column":6},"end":{"line":183,"column":null}},{"start":{},"end":{}}],"line":181},"16":{"loc":{"start":{"line":192,"column":65},"end":{"line":192,"column":78}},"type":"binary-expr","locations":[{"start":{"line":192,"column":65},"end":{"line":192,"column":77}},{"start":{"line":192,"column":77},"end":{"line":192,"column":78}}],"line":192},"17":{"loc":{"start":{"line":197,"column":69},"end":{"line":197,"column":82}},"type":"binary-expr","locations":[{"start":{"line":197,"column":69},"end":{"line":197,"column":81}},{"start":{"line":197,"column":81},"end":{"line":197,"column":82}}],"line":197},"18":{"loc":{"start":{"line":198,"column":75},"end":{"line":198,"column":88}},"type":"binary-expr","locations":[{"start":{"line":198,"column":75},"end":{"line":198,"column":87}},{"start":{"line":198,"column":87},"end":{"line":198,"column":88}}],"line":198},"19":{"loc":{"start":{"line":205,"column":35},"end":{"line":205,"column":null}},"type":"cond-expr","locations":[{"start":{"line":205,"column":61},"end":{"line":205,"column":72}},{"start":{"line":205,"column":72},"end":{"line":205,"column":null}}],"line":205},"20":{"loc":{"start":{"line":211,"column":35},"end":{"line":211,"column":null}},"type":"cond-expr","locations":[{"start":{"line":211,"column":57},"end":{"line":211,"column":68}},{"start":{"line":211,"column":68},"end":{"line":211,"column":null}}],"line":211},"21":{"loc":{"start":{"line":219,"column":9},"end":{"line":308,"column":22}},"type":"binary-expr","locations":[{"start":{"line":219,"column":9},"end":{"line":219,"column":null}},{"start":{"line":220,"column":10},"end":{"line":308,"column":22}}],"line":219},"22":{"loc":{"start":{"line":223,"column":15},"end":{"line":223,"column":null}},"type":"cond-expr","locations":[{"start":{"line":223,"column":30},"end":{"line":223,"column":69}},{"start":{"line":223,"column":69},"end":{"line":223,"column":null}}],"line":223},"23":{"loc":{"start":{"line":229,"column":23},"end":{"line":229,"column":null}},"type":"binary-expr","locations":[{"start":{"line":229,"column":23},"end":{"line":229,"column":41}},{"start":{"line":229,"column":41},"end":{"line":229,"column":null}}],"line":229},"24":{"loc":{"start":{"line":230,"column":51},"end":{"line":230,"column":73}},"type":"binary-expr","locations":[{"start":{"line":230,"column":51},"end":{"line":230,"column":69}},{"start":{"line":230,"column":69},"end":{"line":230,"column":73}}],"line":230},"25":{"loc":{"start":{"line":242,"column":13},"end":{"line":303,"column":null}},"type":"cond-expr","locations":[{"start":{"line":243,"column":14},"end":{"line":301,"column":15}},{"start":{"line":301,"column":14},"end":{"line":303,"column":null}}],"line":242},"26":{"loc":{"start":{"line":274,"column":37},"end":{"line":274,"column":null}},"type":"binary-expr","locations":[{"start":{"line":274,"column":37},"end":{"line":274,"column":58}},{"start":{"line":274,"column":58},"end":{"line":274,"column":null}}],"line":274},"27":{"loc":{"start":{"line":277,"column":37},"end":{"line":277,"column":null}},"type":"binary-expr","locations":[{"start":{"line":277,"column":37},"end":{"line":277,"column":60}},{"start":{"line":277,"column":60},"end":{"line":277,"column":null}}],"line":277},"28":{"loc":{"start":{"line":284,"column":35},"end":{"line":284,"column":null}},"type":"cond-expr","locations":[{"start":{"line":284,"column":68},"end":{"line":284,"column":74}},{"start":{"line":284,"column":74},"end":{"line":284,"column":null}}],"line":284},"29":{"loc":{"start":{"line":296,"column":33},"end":{"line":296,"column":88}},"type":"cond-expr","locations":[{"start":{"line":296,"column":48},"end":{"line":296,"column":76}},{"start":{"line":296,"column":76},"end":{"line":296,"column":88}}],"line":296},"30":{"loc":{"start":{"line":308,"column":9},"end":{"line":376,"column":null}},"type":"binary-expr","locations":[{"start":{"line":308,"column":9},"end":{"line":308,"column":null}},{"start":{"line":309,"column":10},"end":{"line":376,"column":null}}],"line":308},"31":{"loc":{"start":{"line":313,"column":23},"end":{"line":313,"column":null}},"type":"binary-expr","locations":[{"start":{"line":313,"column":23},"end":{"line":313,"column":41}},{"start":{"line":313,"column":41},"end":{"line":313,"column":null}}],"line":313},"32":{"loc":{"start":{"line":314,"column":51},"end":{"line":314,"column":73}},"type":"binary-expr","locations":[{"start":{"line":314,"column":51},"end":{"line":314,"column":69}},{"start":{"line":314,"column":69},"end":{"line":314,"column":73}}],"line":314},"33":{"loc":{"start":{"line":326,"column":13},"end":{"line":374,"column":null}},"type":"binary-expr","locations":[{"start":{"line":326,"column":13},"end":{"line":326,"column":null}},{"start":{"line":327,"column":14},"end":{"line":374,"column":null}}],"line":326},"34":{"loc":{"start":{"line":366,"column":32},"end":{"line":366,"column":null}},"type":"binary-expr","locations":[{"start":{"line":366,"column":32},"end":{"line":366,"column":43}},{"start":{"line":366,"column":43},"end":{"line":366,"column":54}},{"start":{"line":366,"column":54},"end":{"line":366,"column":null}}],"line":366},"35":{"loc":{"start":{"line":368,"column":23},"end":{"line":368,"column":null}},"type":"cond-expr","locations":[{"start":{"line":368,"column":33},"end":{"line":368,"column":52}},{"start":{"line":368,"column":52},"end":{"line":368,"column":null}}],"line":368}},"s":{"0":26,"1":26,"2":26,"3":26,"4":26,"5":26,"6":7,"7":7,"8":7,"9":7,"10":7,"11":26,"12":26,"13":26,"14":26,"15":26,"16":7,"17":7,"18":7,"19":0,"20":0,"21":0,"22":7,"23":0,"24":0,"25":7,"26":26,"27":10,"28":7,"29":3,"30":3,"31":3,"32":0,"33":0,"34":0,"35":0,"36":0,"37":0,"38":3,"39":10,"40":26,"41":10,"42":10,"43":10,"44":0,"45":0,"46":0,"47":0,"48":0,"49":0,"50":0,"51":0,"52":0,"53":10,"54":0,"55":0,"56":0,"57":0,"58":0,"59":0,"60":0,"61":0,"62":0,"63":0,"64":0,"65":0,"66":0,"67":0,"68":0,"69":0,"70":0,"71":0,"72":0,"73":0,"74":0,"75":0,"76":0,"77":0,"78":0,"79":0,"80":0,"81":0,"82":25,"83":25,"84":0,"85":0,"86":0,"87":0,"88":0,"89":25,"90":0,"91":0,"92":0,"93":26,"94":1,"95":26,"96":0,"97":26,"98":0,"99":26,"100":26,"101":0,"102":3,"103":0,"104":0,"105":0,"106":0,"107":0,"108":0,"109":0,"110":0,"111":0,"112":1,"113":0,"114":0},"f":{"0":26,"1":7,"2":7,"3":7,"4":10,"5":10,"6":10,"7":10,"8":0,"9":0,"10":25,"11":0,"12":0,"13":0,"14":0,"15":1,"16":0,"17":0,"18":0,"19":3,"20":0,"21":0,"22":0,"23":0,"24":0,"25":0,"26":1,"27":0,"28":0},"b":{"0":[0,7],"1":[7,0],"2":[7,3],"3":[0,3],"4":[0,0],"5":[0,0],"6":[10,0],"7":[10,0],"8":[0,0],"9":[0,0],"10":[0,0],"11":[0,0],"12":[0,0],"13":[0,0],"14":[0,0],"15":[0,0],"16":[0,0],"17":[0,0],"18":[0,0],"19":[16,9],"20":[9,16],"21":[26,9],"22":[0,9],"23":[9,9],"24":[0,0],"25":[0,9],"26":[0,0],"27":[0,0],"28":[0,0],"29":[0,0],"30":[26,16],"31":[16,16],"32":[0,0],"33":[16,0],"34":[0,0,0],"35":[0,0]},"meta":{"lastBranch":36,"lastFunction":29,"lastStatement":115,"seen":{"f:6:24:6:38":0,"s:7:16:7:Infinity":0,"s:8:25:8:Infinity":1,"s:9:23:9:Infinity":2,"s:10:24:10:Infinity":3,"s:11:17:11:Infinity":4,"s:12:22:19:Infinity":5,"f:12:40:12:55":1,"s:14:14:14:Infinity":6,"s:15:4:15:Infinity":7,"s:16:16:16:Infinity":8,"s:17:18:17:Infinity":9,"s:18:4:18:Infinity":10,"s:20:19:20:Infinity":11,"s:21:22:21:Infinity":12,"s:22:18:22:Infinity":13,"s:23:19:23:Infinity":14,"s:25:2:46:Infinity":15,"f:25:2:25:18":2,"f:26:19:26:32":3,"s:27:6:43:Infinity":16,"s:28:32:32:Infinity":17,"b:34:8:38:Infinity:undefined:undefined:undefined:undefined":0,"s:34:8:38:Infinity":18,"s:35:10:35:Infinity":19,"s:36:10:36:Infinity":20,"s:37:10:37:Infinity":21,"s:39:8:39:Infinity":22,"b:39:17:39:25:39:25:39:27":1,"s:41:8:41:Infinity":23,"s:42:8:42:Infinity":24,"s:45:4:45:Infinity":25,"s:49:2:76:Infinity":26,"f:49:2:49:18":4,"f:50:19:50:38":5,"b:51:6:53:Infinity:undefined:undefined:undefined:undefined":2,"s:51:6:53:Infinity":27,"s:52:8:52:Infinity":28,"s:54:6:73:Infinity":29,"s:55:20:58:Infinity":30,"b:60:8:62:Infinity:undefined:undefined:undefined:undefined":3,"s:60:8:62:Infinity":31,"s:61:10:61:Infinity":32,"s:64:32:64:Infinity":33,"b:66:8:69:Infinity:undefined:undefined:undefined:undefined":4,"s:66:8:69:Infinity":34,"s:67:10:67:Infinity":35,"s:68:10:68:Infinity":36,"s:70:8:70:Infinity":37,"b:70:23:70:31:70:31:70:33":5,"s:72:8:72:Infinity":38,"s:75:4:75:Infinity":39,"s:78:2:106:Infinity":40,"f:78:2:78:18":6,"f:79:19:79:35":7,"b:80:6:83:Infinity:undefined:undefined:undefined:undefined":6,"s:80:6:83:Infinity":41,"b:80:10:80:29:80:29:80:54":7,"s:81:8:81:Infinity":42,"s:82:8:82:Infinity":43,"s:84:6:103:Infinity":44,"s:85:26:85:Infinity":45,"s:86:24:86:Infinity":46,"s:88:32:94:Infinity":47,"b:96:8:99:Infinity:undefined:undefined:undefined:undefined":8,"s:96:8:99:Infinity":48,"s:97:10:97:Infinity":49,"s:98:10:98:Infinity":50,"s:100:8:100:Infinity":51,"b:100:20:100:28:100:28:100:30":9,"s:102:8:102:Infinity":52,"s:105:4:105:Infinity":53,"f:108:17:108:39":8,"s:109:4:109:Infinity":54,"b:111:4:114:Infinity:undefined:undefined:undefined:undefined":10,"s:111:4:114:Infinity":55,"s:112:6:112:Infinity":56,"s:113:6:113:Infinity":57,"b:116:4:119:Infinity:undefined:undefined:undefined:undefined":11,"s:116:4:119:Infinity":58,"b:116:8:116:19:116:19:116:44":12,"s:117:6:117:Infinity":59,"s:118:6:118:Infinity":60,"s:121:4:121:Infinity":61,"s:123:4:163:Infinity":62,"s:124:27:124:Infinity":63,"s:125:24:133:Infinity":64,"b:135:6:140:Infinity:undefined:undefined:undefined:undefined":13,"s:135:6:140:Infinity":65,"s:136:8:136:Infinity":66,"s:137:8:137:Infinity":67,"s:138:8:138:Infinity":68,"s:139:8:139:Infinity":69,"s:142:6:142:Infinity":70,"s:143:6:143:Infinity":71,"s:146:16:146:Infinity":72,"s:147:24:147:Infinity":73,"s:148:22:148:Infinity":74,"s:149:23:155:Infinity":75,"s:157:6:157:Infinity":76,"b:157:18:157:26:157:26:157:28":14,"s:159:6:159:Infinity":77,"s:160:6:160:Infinity":78,"s:162:6:162:Infinity":79,"f:166:11:166:24":9,"s:167:19:170:Infinity":80,"s:171:4:171:Infinity":81,"f:174:11:174:32":10,"s:175:20:175:Infinity":82,"s:177:4:185:Infinity":83,"f:177:18:177:26":11,"s:178:19:178:Infinity":84,"s:179:23:179:Infinity":85,"b:181:6:183:Infinity:undefined:undefined:undefined:undefined":15,"s:181:6:183:Infinity":86,"s:182:8:182:Infinity":87,"s:184:6:184:Infinity":88,"s:187:4:193:Infinity":89,"f:188:7:188:13":12,"s:188:22:188:46":90,"f:189:7:189:12":13,"s:189:43:193:8":91,"f:192:29:192:37":14,"s:192:48:192:81":92,"b:192:65:192:77:192:77:192:78":16,"s:196:23:196:Infinity":93,"f:196:29:196:34":15,"s:196:39:196:78":94,"s:197:24:197:Infinity":95,"f:197:33:197:41":16,"s:197:52:197:85":96,"b:197:69:197:81:197:81:197:82":17,"s:198:27:198:Infinity":97,"f:198:39:198:47":17,"s:198:58:198:91":98,"b:198:75:198:87:198:87:198:88":18,"s:199:26:199:Infinity":99,"s:201:2:377:Infinity":100,"b:205:61:205:72:205:72:205:Infinity":19,"f:206:10:206:25":18,"s:206:25:206:Infinity":101,"b:211:57:211:68:211:68:211:Infinity":20,"f:212:10:212:25":19,"s:212:25:212:Infinity":102,"b:219:9:219:Infinity:220:10:308:22":21,"b:223:30:223:69:223:69:223:Infinity":22,"b:229:23:229:41:229:41:229:Infinity":23,"f:230:16:230:27":20,"s:230:33:230:Infinity":103,"b:230:51:230:69:230:69:230:73":24,"f:234:23:234:27":21,"s:235:18:237:Infinity":104,"b:243:14:301:15:301:14:303:Infinity":25,"f:245:35:245:40":22,"s:246:42:246:Infinity":105,"s:247:37:247:Infinity":106,"s:249:20:290:Infinity":107,"f:261:41:261:46":23,"s:262:48:262:Infinity":108,"f:262:54:262:59":24,"s:262:64:262:104":109,"s:263:28:286:Infinity":110,"b:274:37:274:58:274:58:274:Infinity":26,"b:277:37:277:60:277:60:277:Infinity":27,"b:284:68:284:74:284:74:284:Infinity":28,"b:296:48:296:76:296:76:296:88":29,"b:308:9:308:Infinity:309:10:376:Infinity":30,"b:313:23:313:41:313:41:313:Infinity":31,"f:314:16:314:27":25,"s:314:33:314:Infinity":111,"b:314:51:314:69:314:69:314:73":32,"f:318:23:318:27":26,"s:319:18:321:Infinity":112,"b:326:13:326:Infinity:327:14:374:Infinity":33,"f:336:24:336:35":27,"s:336:41:336:Infinity":113,"f:355:24:355:35":28,"s:355:41:355:Infinity":114,"b:366:32:366:43:366:43:366:54:366:54:366:Infinity":34,"b:368:33:368:52:368:52:368:Infinity":35}}}
,"/Users/siete/Public/sound-book/src/components/ChangePassword/ChangePassword.jsx": {"path":"/Users/siete/Public/sound-book/src/components/ChangePassword/ChangePassword.jsx","statementMap":{"0":{"start":{"line":8,"column":22},"end":{"line":8,"column":null}},"1":{"start":{"line":9,"column":18},"end":{"line":9,"column":null}},"2":{"start":{"line":10,"column":16},"end":{"line":10,"column":null}},"3":{"start":{"line":11,"column":18},"end":{"line":11,"column":null}},"4":{"start":{"line":12,"column":18},"end":{"line":12,"column":null}},"5":{"start":{"line":13,"column":22},"end":{"line":13,"column":null}},"6":{"start":{"line":14,"column":18},"end":{"line":14,"column":null}},"7":{"start":{"line":17,"column":4},"end":{"line":17,"column":null}},"8":{"start":{"line":18,"column":4},"end":{"line":18,"column":null}},"9":{"start":{"line":19,"column":4},"end":{"line":19,"column":null}},"10":{"start":{"line":20,"column":4},"end":{"line":23,"column":null}},"11":{"start":{"line":21,"column":6},"end":{"line":21,"column":null}},"12":{"start":{"line":22,"column":6},"end":{"line":22,"column":null}},"13":{"start":{"line":24,"column":4},"end":{"line":24,"column":null}},"14":{"start":{"line":25,"column":4},"end":{"line":64,"column":null}},"15":{"start":{"line":27,"column":36},"end":{"line":27,"column":null}},"16":{"start":{"line":28,"column":6},"end":{"line":28,"column":null}},"17":{"start":{"line":28,"column":16},"end":{"line":28,"column":null}},"18":{"start":{"line":29,"column":16},"end":{"line":29,"column":null}},"19":{"start":{"line":30,"column":6},"end":{"line":35,"column":null}},"20":{"start":{"line":31,"column":8},"end":{"line":31,"column":null}},"21":{"start":{"line":32,"column":8},"end":{"line":32,"column":null}},"22":{"start":{"line":33,"column":8},"end":{"line":33,"column":null}},"23":{"start":{"line":34,"column":8},"end":{"line":34,"column":null}},"24":{"start":{"line":36,"column":6},"end":{"line":41,"column":null}},"25":{"start":{"line":37,"column":8},"end":{"line":37,"column":null}},"26":{"start":{"line":38,"column":8},"end":{"line":38,"column":null}},"27":{"start":{"line":39,"column":8},"end":{"line":39,"column":null}},"28":{"start":{"line":40,"column":8},"end":{"line":40,"column":null}},"29":{"start":{"line":44,"column":29},"end":{"line":44,"column":null}},"30":{"start":{"line":45,"column":31},"end":{"line":48,"column":null}},"31":{"start":{"line":49,"column":6},"end":{"line":49,"column":null}},"32":{"start":{"line":49,"column":17},"end":{"line":49,"column":null}},"33":{"start":{"line":51,"column":6},"end":{"line":51,"column":null}},"34":{"start":{"line":52,"column":6},"end":{"line":52,"column":null}},"35":{"start":{"line":55,"column":6},"end":{"line":57,"column":null}},"36":{"start":{"line":56,"column":8},"end":{"line":56,"column":null}},"37":{"start":{"line":59,"column":6},"end":{"line":59,"column":null}},"38":{"start":{"line":60,"column":6},"end":{"line":60,"column":null}},"39":{"start":{"line":61,"column":6},"end":{"line":61,"column":null}},"40":{"start":{"line":63,"column":6},"end":{"line":63,"column":null}},"41":{"start":{"line":67,"column":2},"end":{"line":116,"column":null}},"42":{"start":{"line":79,"column":29},"end":{"line":79,"column":null}},"43":{"start":{"line":81,"column":69},"end":{"line":81,"column":96}},"44":{"start":{"line":81,"column":91},"end":{"line":81,"column":93}},"45":{"start":{"line":94,"column":29},"end":{"line":94,"column":null}},"46":{"start":{"line":96,"column":69},"end":{"line":96,"column":92}},"47":{"start":{"line":96,"column":87},"end":{"line":96,"column":89}},"48":{"start":{"line":112,"column":71},"end":{"line":112,"column":91}}},"fnMap":{"0":{"name":"ChangePassword","decl":{"start":{"line":7,"column":24},"end":{"line":7,"column":39}},"loc":{"start":{"line":7,"column":95},"end":{"line":118,"column":null}},"line":7},"1":{"name":"handleChange","decl":{"start":{"line":16,"column":17},"end":{"line":16,"column":30}},"loc":{"start":{"line":16,"column":33},"end":{"line":65,"column":null}},"line":16},"2":{"name":"(anonymous_2)","decl":{"start":{"line":55,"column":6},"end":{"line":55,"column":23}},"loc":{"start":{"line":55,"column":23},"end":{"line":57,"column":9}},"line":55},"3":{"name":"(anonymous_3)","decl":{"start":{"line":79,"column":12},"end":{"line":79,"column":23}},"loc":{"start":{"line":79,"column":29},"end":{"line":79,"column":null}},"line":79},"4":{"name":"(anonymous_4)","decl":{"start":{"line":81,"column":54},"end":{"line":81,"column":69}},"loc":{"start":{"line":81,"column":69},"end":{"line":81,"column":96}},"line":81},"5":{"name":"(anonymous_5)","decl":{"start":{"line":81,"column":69},"end":{"line":81,"column":85}},"loc":{"start":{"line":81,"column":91},"end":{"line":81,"column":93}},"line":81},"6":{"name":"(anonymous_6)","decl":{"start":{"line":94,"column":12},"end":{"line":94,"column":23}},"loc":{"start":{"line":94,"column":29},"end":{"line":94,"column":null}},"line":94},"7":{"name":"(anonymous_7)","decl":{"start":{"line":96,"column":54},"end":{"line":96,"column":69}},"loc":{"start":{"line":96,"column":69},"end":{"line":96,"column":92}},"line":96},"8":{"name":"(anonymous_8)","decl":{"start":{"line":96,"column":69},"end":{"line":96,"column":81}},"loc":{"start":{"line":96,"column":87},"end":{"line":96,"column":89}},"line":96},"9":{"name":"(anonymous_9)","decl":{"start":{"line":112,"column":56},"end":{"line":112,"column":71}},"loc":{"start":{"line":112,"column":71},"end":{"line":112,"column":91}},"line":112}},"branchMap":{"0":{"loc":{"start":{"line":7,"column":65},"end":{"line":7,"column":95}},"type":"default-arg","locations":[{"start":{"line":7,"column":84},"end":{"line":7,"column":95}}],"line":7},"1":{"loc":{"start":{"line":20,"column":4},"end":{"line":23,"column":null}},"type":"if","locations":[{"start":{"line":20,"column":4},"end":{"line":23,"column":null}},{"start":{},"end":{}}],"line":20},"2":{"loc":{"start":{"line":20,"column":8},"end":{"line":20,"column":34}},"type":"binary-expr","locations":[{"start":{"line":20,"column":8},"end":{"line":20,"column":24}},{"start":{"line":20,"column":24},"end":{"line":20,"column":34}}],"line":20},"3":{"loc":{"start":{"line":28,"column":6},"end":{"line":28,"column":null}},"type":"if","locations":[{"start":{"line":28,"column":6},"end":{"line":28,"column":null}},{"start":{},"end":{}}],"line":28},"4":{"loc":{"start":{"line":29,"column":16},"end":{"line":29,"column":null}},"type":"binary-expr","locations":[{"start":{"line":29,"column":16},"end":{"line":29,"column":24}},{"start":{"line":29,"column":24},"end":{"line":29,"column":null}}],"line":29},"5":{"loc":{"start":{"line":30,"column":6},"end":{"line":35,"column":null}},"type":"if","locations":[{"start":{"line":30,"column":6},"end":{"line":35,"column":null}},{"start":{},"end":{}}],"line":30},"6":{"loc":{"start":{"line":36,"column":6},"end":{"line":41,"column":null}},"type":"if","locations":[{"start":{"line":36,"column":6},"end":{"line":41,"column":null}},{"start":{},"end":{}}],"line":36},"7":{"loc":{"start":{"line":44,"column":29},"end":{"line":44,"column":null}},"type":"binary-expr","locations":[{"start":{"line":44,"column":29},"end":{"line":44,"column":50}},{"start":{"line":44,"column":50},"end":{"line":44,"column":null}}],"line":44},"8":{"loc":{"start":{"line":49,"column":6},"end":{"line":49,"column":null}},"type":"if","locations":[{"start":{"line":49,"column":6},"end":{"line":49,"column":null}},{"start":{},"end":{}}],"line":49},"9":{"loc":{"start":{"line":56,"column":8},"end":{"line":56,"column":null}},"type":"binary-expr","locations":[{"start":{"line":56,"column":8},"end":{"line":56,"column":20}},{"start":{"line":56,"column":20},"end":{"line":56,"column":null}}],"line":56},"10":{"loc":{"start":{"line":77,"column":18},"end":{"line":77,"column":null}},"type":"cond-expr","locations":[{"start":{"line":77,"column":32},"end":{"line":77,"column":41}},{"start":{"line":77,"column":41},"end":{"line":77,"column":null}}],"line":77},"11":{"loc":{"start":{"line":81,"column":108},"end":{"line":81,"column":null}},"type":"cond-expr","locations":[{"start":{"line":81,"column":122},"end":{"line":81,"column":145}},{"start":{"line":81,"column":145},"end":{"line":81,"column":null}}],"line":81},"12":{"loc":{"start":{"line":82,"column":13},"end":{"line":82,"column":null}},"type":"cond-expr","locations":[{"start":{"line":82,"column":27},"end":{"line":82,"column":39}},{"start":{"line":82,"column":39},"end":{"line":82,"column":null}}],"line":82},"13":{"loc":{"start":{"line":92,"column":18},"end":{"line":92,"column":null}},"type":"cond-expr","locations":[{"start":{"line":92,"column":28},"end":{"line":92,"column":37}},{"start":{"line":92,"column":37},"end":{"line":92,"column":null}}],"line":92},"14":{"loc":{"start":{"line":96,"column":104},"end":{"line":96,"column":null}},"type":"cond-expr","locations":[{"start":{"line":96,"column":114},"end":{"line":96,"column":143}},{"start":{"line":96,"column":143},"end":{"line":96,"column":null}}],"line":96},"15":{"loc":{"start":{"line":97,"column":13},"end":{"line":97,"column":null}},"type":"cond-expr","locations":[{"start":{"line":97,"column":23},"end":{"line":97,"column":35}},{"start":{"line":97,"column":35},"end":{"line":97,"column":null}}],"line":97},"16":{"loc":{"start":{"line":102,"column":9},"end":{"line":102,"column":null}},"type":"binary-expr","locations":[{"start":{"line":102,"column":9},"end":{"line":102,"column":18}},{"start":{"line":102,"column":18},"end":{"line":102,"column":null}}],"line":102},"17":{"loc":{"start":{"line":103,"column":9},"end":{"line":103,"column":null}},"type":"binary-expr","locations":[{"start":{"line":103,"column":9},"end":{"line":103,"column":20}},{"start":{"line":103,"column":20},"end":{"line":103,"column":null}}],"line":103},"18":{"loc":{"start":{"line":105,"column":9},"end":{"line":113,"column":null}},"type":"cond-expr","locations":[{"start":{"line":106,"column":10},"end":{"line":110,"column":11}},{"start":{"line":110,"column":10},"end":{"line":113,"column":null}}],"line":105},"19":{"loc":{"start":{"line":112,"column":71},"end":{"line":112,"column":91}},"type":"binary-expr","locations":[{"start":{"line":112,"column":71},"end":{"line":112,"column":81}},{"start":{"line":112,"column":81},"end":{"line":112,"column":91}}],"line":112}},"s":{"0":14,"1":14,"2":14,"3":14,"4":14,"5":14,"6":14,"7":2,"8":2,"9":2,"10":2,"11":1,"12":1,"13":1,"14":1,"15":1,"16":1,"17":0,"18":1,"19":2,"20":1,"21":1,"22":1,"23":1,"24":0,"25":0,"26":0,"27":0,"28":0,"29":0,"30":2,"31":0,"32":0,"33":0,"34":0,"35":0,"36":0,"37":0,"38":0,"39":0,"40":1,"41":14,"42":1,"43":1,"44":1,"45":1,"46":1,"47":1,"48":1},"f":{"0":14,"1":2,"2":0,"3":1,"4":1,"5":1,"6":1,"7":1,"8":1,"9":1},"b":{"0":[14],"1":[1,1],"2":[2,1],"3":[0,1],"4":[1,1],"5":[1,1],"6":[0,0],"7":[0,0],"8":[0,0],"9":[0,0],"10":[1,13],"11":[1,13],"12":[1,13],"13":[1,13],"14":[1,13],"15":[1,13],"16":[14,2],"17":[14,0],"18":[1,13],"19":[1,1]},"meta":{"lastBranch":20,"lastFunction":10,"lastStatement":49,"seen":{"f:7:24:7:39":0,"b:7:84:7:95":0,"s:8:22:8:Infinity":0,"s:9:18:9:Infinity":1,"s:10:16:10:Infinity":2,"s:11:18:11:Infinity":3,"s:12:18:12:Infinity":4,"s:13:22:13:Infinity":5,"s:14:18:14:Infinity":6,"f:16:17:16:30":1,"s:17:4:17:Infinity":7,"s:18:4:18:Infinity":8,"s:19:4:19:Infinity":9,"b:20:4:23:Infinity:undefined:undefined:undefined:undefined":1,"s:20:4:23:Infinity":10,"b:20:8:20:24:20:24:20:34":2,"s:21:6:21:Infinity":11,"s:22:6:22:Infinity":12,"s:24:4:24:Infinity":13,"s:25:4:64:Infinity":14,"s:27:36:27:Infinity":15,"b:28:6:28:Infinity:undefined:undefined:undefined:undefined":3,"s:28:6:28:Infinity":16,"s:28:16:28:Infinity":17,"s:29:16:29:Infinity":18,"b:29:16:29:24:29:24:29:Infinity":4,"b:30:6:35:Infinity:undefined:undefined:undefined:undefined":5,"s:30:6:35:Infinity":19,"s:31:8:31:Infinity":20,"s:32:8:32:Infinity":21,"s:33:8:33:Infinity":22,"s:34:8:34:Infinity":23,"b:36:6:41:Infinity:undefined:undefined:undefined:undefined":6,"s:36:6:41:Infinity":24,"s:37:8:37:Infinity":25,"s:38:8:38:Infinity":26,"s:39:8:39:Infinity":27,"s:40:8:40:Infinity":28,"s:44:29:44:Infinity":29,"b:44:29:44:50:44:50:44:Infinity":7,"s:45:31:48:Infinity":30,"b:49:6:49:Infinity:undefined:undefined:undefined:undefined":8,"s:49:6:49:Infinity":31,"s:49:17:49:Infinity":32,"s:51:6:51:Infinity":33,"s:52:6:52:Infinity":34,"s:55:6:57:Infinity":35,"f:55:6:55:23":2,"s:56:8:56:Infinity":36,"b:56:8:56:20:56:20:56:Infinity":9,"s:59:6:59:Infinity":37,"s:60:6:60:Infinity":38,"s:61:6:61:Infinity":39,"s:63:6:63:Infinity":40,"s:67:2:116:Infinity":41,"b:77:32:77:41:77:41:77:Infinity":10,"f:79:12:79:23":3,"s:79:29:79:Infinity":42,"f:81:54:81:69":4,"s:81:69:81:96":43,"f:81:69:81:85":5,"s:81:91:81:93":44,"b:81:122:81:145:81:145:81:Infinity":11,"b:82:27:82:39:82:39:82:Infinity":12,"b:92:28:92:37:92:37:92:Infinity":13,"f:94:12:94:23":6,"s:94:29:94:Infinity":45,"f:96:54:96:69":7,"s:96:69:96:92":46,"f:96:69:96:81":8,"s:96:87:96:89":47,"b:96:114:96:143:96:143:96:Infinity":14,"b:97:23:97:35:97:35:97:Infinity":15,"b:102:9:102:18:102:18:102:Infinity":16,"b:103:9:103:20:103:20:103:Infinity":17,"b:106:10:110:11:110:10:113:Infinity":18,"f:112:56:112:71":9,"s:112:71:112:91":48,"b:112:71:112:81:112:81:112:91":19}}}
,"/Users/siete/Public/sound-book/src/components/ClientsList/ClientsForm.jsx": {"path":"/Users/siete/Public/sound-book/src/components/ClientsList/ClientsForm.jsx","statementMap":{"0":{"start":{"line":7,"column":15},"end":{"line":7,"column":null}},"1":{"start":{"line":8,"column":17},"end":{"line":8,"column":null}},"2":{"start":{"line":9,"column":14},"end":{"line":9,"column":null}},"3":{"start":{"line":10,"column":16},"end":{"line":10,"column":null}},"4":{"start":{"line":11,"column":18},"end":{"line":11,"column":null}},"5":{"start":{"line":13,"column":2},"end":{"line":25,"column":null}},"6":{"start":{"line":14,"column":4},"end":{"line":24,"column":null}},"7":{"start":{"line":15,"column":6},"end":{"line":15,"column":null}},"8":{"start":{"line":16,"column":6},"end":{"line":16,"column":null}},"9":{"start":{"line":17,"column":6},"end":{"line":17,"column":null}},"10":{"start":{"line":18,"column":6},"end":{"line":18,"column":null}},"11":{"start":{"line":20,"column":6},"end":{"line":20,"column":null}},"12":{"start":{"line":21,"column":6},"end":{"line":21,"column":null}},"13":{"start":{"line":22,"column":6},"end":{"line":22,"column":null}},"14":{"start":{"line":23,"column":6},"end":{"line":23,"column":null}},"15":{"start":{"line":28,"column":4},"end":{"line":28,"column":null}},"16":{"start":{"line":29,"column":4},"end":{"line":32,"column":null}},"17":{"start":{"line":30,"column":6},"end":{"line":30,"column":null}},"18":{"start":{"line":31,"column":6},"end":{"line":31,"column":null}},"19":{"start":{"line":33,"column":4},"end":{"line":33,"column":null}},"20":{"start":{"line":34,"column":4},"end":{"line":51,"column":null}},"21":{"start":{"line":35,"column":6},"end":{"line":44,"column":null}},"22":{"start":{"line":36,"column":26},"end":{"line":36,"column":null}},"23":{"start":{"line":37,"column":8},"end":{"line":37,"column":null}},"24":{"start":{"line":37,"column":19},"end":{"line":37,"column":null}},"25":{"start":{"line":38,"column":8},"end":{"line":38,"column":null}},"26":{"start":{"line":40,"column":24},"end":{"line":40,"column":null}},"27":{"start":{"line":41,"column":26},"end":{"line":41,"column":null}},"28":{"start":{"line":42,"column":8},"end":{"line":42,"column":null}},"29":{"start":{"line":42,"column":19},"end":{"line":42,"column":null}},"30":{"start":{"line":43,"column":8},"end":{"line":43,"column":null}},"31":{"start":{"line":45,"column":6},"end":{"line":45,"column":null}},"32":{"start":{"line":47,"column":6},"end":{"line":47,"column":null}},"33":{"start":{"line":48,"column":6},"end":{"line":48,"column":null}},"34":{"start":{"line":50,"column":6},"end":{"line":50,"column":null}},"35":{"start":{"line":54,"column":2},"end":{"line":71,"column":null}},"36":{"start":{"line":56,"column":64},"end":{"line":56,"column":90}},"37":{"start":{"line":57,"column":66},"end":{"line":57,"column":94}},"38":{"start":{"line":58,"column":65},"end":{"line":58,"column":90}},"39":{"start":{"line":59,"column":64},"end":{"line":59,"column":91}},"40":{"start":{"line":68,"column":73},"end":{"line":68,"column":97}}},"fnMap":{"0":{"name":"ClientsForm","decl":{"start":{"line":6,"column":24},"end":{"line":6,"column":36}},"loc":{"start":{"line":6,"column":109},"end":{"line":73,"column":null}},"line":6},"1":{"name":"(anonymous_1)","decl":{"start":{"line":13,"column":2},"end":{"line":13,"column":18}},"loc":{"start":{"line":13,"column":18},"end":{"line":25,"column":5}},"line":13},"2":{"name":"handleSubmit","decl":{"start":{"line":27,"column":17},"end":{"line":27,"column":30}},"loc":{"start":{"line":27,"column":33},"end":{"line":52,"column":null}},"line":27},"3":{"name":"(anonymous_3)","decl":{"start":{"line":56,"column":47},"end":{"line":56,"column":58}},"loc":{"start":{"line":56,"column":64},"end":{"line":56,"column":90}},"line":56},"4":{"name":"(anonymous_4)","decl":{"start":{"line":57,"column":49},"end":{"line":57,"column":60}},"loc":{"start":{"line":57,"column":66},"end":{"line":57,"column":94}},"line":57},"5":{"name":"(anonymous_5)","decl":{"start":{"line":58,"column":48},"end":{"line":58,"column":59}},"loc":{"start":{"line":58,"column":65},"end":{"line":58,"column":90}},"line":58},"6":{"name":"(anonymous_6)","decl":{"start":{"line":59,"column":47},"end":{"line":59,"column":58}},"loc":{"start":{"line":59,"column":64},"end":{"line":59,"column":91}},"line":59},"7":{"name":"(anonymous_7)","decl":{"start":{"line":68,"column":58},"end":{"line":68,"column":73}},"loc":{"start":{"line":68,"column":73},"end":{"line":68,"column":97}},"line":68}},"branchMap":{"0":{"loc":{"start":{"line":6,"column":44},"end":{"line":6,"column":60}},"type":"default-arg","locations":[{"start":{"line":6,"column":54},"end":{"line":6,"column":60}}],"line":6},"1":{"loc":{"start":{"line":6,"column":79},"end":{"line":6,"column":109}},"type":"default-arg","locations":[{"start":{"line":6,"column":98},"end":{"line":6,"column":109}}],"line":6},"2":{"loc":{"start":{"line":14,"column":4},"end":{"line":24,"column":null}},"type":"if","locations":[{"start":{"line":14,"column":4},"end":{"line":24,"column":null}},{"start":{"line":19,"column":11},"end":{"line":24,"column":null}}],"line":14},"3":{"loc":{"start":{"line":15,"column":14},"end":{"line":15,"column":32}},"type":"binary-expr","locations":[{"start":{"line":15,"column":14},"end":{"line":15,"column":30}},{"start":{"line":15,"column":30},"end":{"line":15,"column":32}}],"line":15},"4":{"loc":{"start":{"line":16,"column":16},"end":{"line":16,"column":36}},"type":"binary-expr","locations":[{"start":{"line":16,"column":16},"end":{"line":16,"column":34}},{"start":{"line":16,"column":34},"end":{"line":16,"column":36}}],"line":16},"5":{"loc":{"start":{"line":17,"column":13},"end":{"line":17,"column":30}},"type":"binary-expr","locations":[{"start":{"line":17,"column":13},"end":{"line":17,"column":28}},{"start":{"line":17,"column":28},"end":{"line":17,"column":30}}],"line":17},"6":{"loc":{"start":{"line":18,"column":15},"end":{"line":18,"column":34}},"type":"binary-expr","locations":[{"start":{"line":18,"column":15},"end":{"line":18,"column":32}},{"start":{"line":18,"column":32},"end":{"line":18,"column":34}}],"line":18},"7":{"loc":{"start":{"line":29,"column":4},"end":{"line":32,"column":null}},"type":"if","locations":[{"start":{"line":29,"column":4},"end":{"line":32,"column":null}},{"start":{},"end":{}}],"line":29},"8":{"loc":{"start":{"line":35,"column":6},"end":{"line":44,"column":null}},"type":"if","locations":[{"start":{"line":35,"column":6},"end":{"line":44,"column":null}},{"start":{"line":39,"column":13},"end":{"line":44,"column":null}}],"line":35},"9":{"loc":{"start":{"line":35,"column":10},"end":{"line":35,"column":33}},"type":"binary-expr","locations":[{"start":{"line":35,"column":10},"end":{"line":35,"column":21}},{"start":{"line":35,"column":21},"end":{"line":35,"column":33}}],"line":35},"10":{"loc":{"start":{"line":37,"column":8},"end":{"line":37,"column":null}},"type":"if","locations":[{"start":{"line":37,"column":8},"end":{"line":37,"column":null}},{"start":{},"end":{}}],"line":37},"11":{"loc":{"start":{"line":42,"column":8},"end":{"line":42,"column":null}},"type":"if","locations":[{"start":{"line":42,"column":8},"end":{"line":42,"column":null}},{"start":{},"end":{}}],"line":42},"12":{"loc":{"start":{"line":45,"column":6},"end":{"line":45,"column":null}},"type":"binary-expr","locations":[{"start":{"line":45,"column":6},"end":{"line":45,"column":17}},{"start":{"line":45,"column":17},"end":{"line":45,"column":null}}],"line":45},"13":{"loc":{"start":{"line":61,"column":7},"end":{"line":69,"column":null}},"type":"cond-expr","locations":[{"start":{"line":62,"column":8},"end":{"line":66,"column":9}},{"start":{"line":66,"column":8},"end":{"line":69,"column":null}}],"line":61},"14":{"loc":{"start":{"line":68,"column":73},"end":{"line":68,"column":97}},"type":"binary-expr","locations":[{"start":{"line":68,"column":73},"end":{"line":68,"column":85}},{"start":{"line":68,"column":85},"end":{"line":68,"column":97}}],"line":68}},"s":{"0":10,"1":10,"2":10,"3":10,"4":10,"5":10,"6":6,"7":1,"8":1,"9":1,"10":1,"11":5,"12":5,"13":5,"14":5,"15":2,"16":2,"17":1,"18":1,"19":1,"20":1,"21":1,"22":0,"23":0,"24":0,"25":0,"26":1,"27":1,"28":0,"29":0,"30":0,"31":0,"32":0,"33":0,"34":0,"35":10,"36":1,"37":0,"38":0,"39":0,"40":1},"f":{"0":10,"1":6,"2":2,"3":1,"4":0,"5":0,"6":0,"7":1},"b":{"0":[10],"1":[10],"2":[1,5],"3":[1,0],"4":[1,0],"5":[1,0],"6":[1,0],"7":[1,1],"8":[0,1],"9":[1,0],"10":[0,0],"11":[0,0],"12":[0,0],"13":[1,9],"14":[1,1]},"meta":{"lastBranch":15,"lastFunction":8,"lastStatement":41,"seen":{"f:6:24:6:36":0,"b:6:54:6:60":0,"b:6:98:6:109":1,"s:7:15:7:Infinity":0,"s:8:17:8:Infinity":1,"s:9:14:9:Infinity":2,"s:10:16:10:Infinity":3,"s:11:18:11:Infinity":4,"s:13:2:25:Infinity":5,"f:13:2:13:18":1,"b:14:4:24:Infinity:19:11:24:Infinity":2,"s:14:4:24:Infinity":6,"s:15:6:15:Infinity":7,"b:15:14:15:30:15:30:15:32":3,"s:16:6:16:Infinity":8,"b:16:16:16:34:16:34:16:36":4,"s:17:6:17:Infinity":9,"b:17:13:17:28:17:28:17:30":5,"s:18:6:18:Infinity":10,"b:18:15:18:32:18:32:18:34":6,"s:20:6:20:Infinity":11,"s:21:6:21:Infinity":12,"s:22:6:22:Infinity":13,"s:23:6:23:Infinity":14,"f:27:17:27:30":2,"s:28:4:28:Infinity":15,"b:29:4:32:Infinity:undefined:undefined:undefined:undefined":7,"s:29:4:32:Infinity":16,"s:30:6:30:Infinity":17,"s:31:6:31:Infinity":18,"s:33:4:33:Infinity":19,"s:34:4:51:Infinity":20,"b:35:6:44:Infinity:39:13:44:Infinity":8,"s:35:6:44:Infinity":21,"b:35:10:35:21:35:21:35:33":9,"s:36:26:36:Infinity":22,"b:37:8:37:Infinity:undefined:undefined:undefined:undefined":10,"s:37:8:37:Infinity":23,"s:37:19:37:Infinity":24,"s:38:8:38:Infinity":25,"s:40:24:40:Infinity":26,"s:41:26:41:Infinity":27,"b:42:8:42:Infinity:undefined:undefined:undefined:undefined":11,"s:42:8:42:Infinity":28,"s:42:19:42:Infinity":29,"s:43:8:43:Infinity":30,"s:45:6:45:Infinity":31,"b:45:6:45:17:45:17:45:Infinity":12,"s:47:6:47:Infinity":32,"s:48:6:48:Infinity":33,"s:50:6:50:Infinity":34,"s:54:2:71:Infinity":35,"f:56:47:56:58":3,"s:56:64:56:90":36,"f:57:49:57:60":4,"s:57:66:57:94":37,"f:58:48:58:59":5,"s:58:65:58:90":38,"f:59:47:59:58":6,"s:59:64:59:91":39,"b:62:8:66:9:66:8:69:Infinity":13,"f:68:58:68:73":7,"s:68:73:68:97":40,"b:68:73:68:85:68:85:68:97":14}}}
,"/Users/siete/Public/sound-book/src/components/ClientsList/ClientsList.jsx": {"path":"/Users/siete/Public/sound-book/src/components/ClientsList/ClientsList.jsx","statementMap":{"0":{"start":{"line":11,"column":18},"end":{"line":11,"column":null}},"1":{"start":{"line":12,"column":18},"end":{"line":12,"column":null}},"2":{"start":{"line":14,"column":8},"end":{"line":32,"column":null}},"3":{"start":{"line":15,"column":4},"end":{"line":15,"column":null}},"4":{"start":{"line":15,"column":27},"end":{"line":15,"column":null}},"5":{"start":{"line":16,"column":4},"end":{"line":16,"column":null}},"6":{"start":{"line":17,"column":4},"end":{"line":31,"column":null}},"7":{"start":{"line":18,"column":30},"end":{"line":22,"column":null}},"8":{"start":{"line":24,"column":6},"end":{"line":24,"column":null}},"9":{"start":{"line":24,"column":17},"end":{"line":24,"column":null}},"10":{"start":{"line":25,"column":6},"end":{"line":25,"column":null}},"11":{"start":{"line":27,"column":6},"end":{"line":27,"column":null}},"12":{"start":{"line":28,"column":6},"end":{"line":28,"column":null}},"13":{"start":{"line":30,"column":6},"end":{"line":30,"column":null}},"14":{"start":{"line":34,"column":2},"end":{"line":36,"column":null}},"15":{"start":{"line":35,"column":4},"end":{"line":35,"column":null}},"16":{"start":{"line":38,"column":18},"end":{"line":38,"column":null}},"17":{"start":{"line":39,"column":19},"end":{"line":39,"column":null}},"18":{"start":{"line":40,"column":25},"end":{"line":40,"column":null}},"19":{"start":{"line":41,"column":23},"end":{"line":41,"column":null}},"20":{"start":{"line":42,"column":20},"end":{"line":42,"column":null}},"21":{"start":{"line":43,"column":19},"end":{"line":43,"column":null}},"22":{"start":{"line":45,"column":2},"end":{"line":45,"column":null}},"23":{"start":{"line":45,"column":25},"end":{"line":45,"column":null}},"24":{"start":{"line":47,"column":2},"end":{"line":126,"column":null}},"25":{"start":{"line":52,"column":95},"end":{"line":52,"column":128}},"26":{"start":{"line":53,"column":51},"end":{"line":53,"column":70}},"27":{"start":{"line":53,"column":70},"end":{"line":53,"column":87}},"28":{"start":{"line":56,"column":146},"end":{"line":56,"column":null}},"29":{"start":{"line":58,"column":105},"end":{"line":58,"column":130}},"30":{"start":{"line":58,"column":149},"end":{"line":58,"column":180}},"31":{"start":{"line":65,"column":96},"end":{"line":65,"column":116}},"32":{"start":{"line":65,"column":116},"end":{"line":65,"column":130}},"33":{"start":{"line":65,"column":149},"end":{"line":65,"column":170}},"34":{"start":{"line":69,"column":99},"end":{"line":69,"column":117}},"35":{"start":{"line":69,"column":117},"end":{"line":69,"column":131}},"36":{"start":{"line":69,"column":150},"end":{"line":69,"column":169}},"37":{"start":{"line":81,"column":12},"end":{"line":81,"column":null}},"38":{"start":{"line":81,"column":31},"end":{"line":81,"column":null}},"39":{"start":{"line":82,"column":22},"end":{"line":82,"column":null}},"40":{"start":{"line":83,"column":12},"end":{"line":83,"column":null}},"41":{"start":{"line":85,"column":12},"end":{"line":101,"column":null}},"42":{"start":{"line":97,"column":57},"end":{"line":97,"column":79}},"43":{"start":{"line":97,"column":79},"end":{"line":97,"column":103}},"44":{"start":{"line":98,"column":65},"end":{"line":98,"column":80}},"45":{"start":{"line":99,"column":64},"end":{"line":99,"column":80}},"46":{"start":{"line":99,"column":80},"end":{"line":99,"column":99}},"47":{"start":{"line":108,"column":26},"end":{"line":108,"column":47}},"48":{"start":{"line":108,"column":47},"end":{"line":108,"column":65}},"49":{"start":{"line":110,"column":10},"end":{"line":110,"column":null}},"50":{"start":{"line":110,"column":25},"end":{"line":110,"column":null}},"51":{"start":{"line":111,"column":10},"end":{"line":121,"column":null}},"52":{"start":{"line":112,"column":30},"end":{"line":112,"column":null}},"53":{"start":{"line":113,"column":12},"end":{"line":113,"column":null}},"54":{"start":{"line":113,"column":23},"end":{"line":113,"column":null}},"55":{"start":{"line":114,"column":12},"end":{"line":114,"column":null}},"56":{"start":{"line":115,"column":12},"end":{"line":115,"column":null}},"57":{"start":{"line":116,"column":12},"end":{"line":116,"column":null}},"58":{"start":{"line":117,"column":12},"end":{"line":117,"column":null}},"59":{"start":{"line":119,"column":12},"end":{"line":119,"column":null}},"60":{"start":{"line":120,"column":12},"end":{"line":120,"column":null}}},"fnMap":{"0":{"name":"ClientsList","decl":{"start":{"line":10,"column":24},"end":{"line":10,"column":36}},"loc":{"start":{"line":10,"column":56},"end":{"line":128,"column":null}},"line":10},"1":{"name":"(anonymous_1)","decl":{"start":{"line":14,"column":34},"end":{"line":14,"column":46}},"loc":{"start":{"line":14,"column":46},"end":{"line":32,"column":5}},"line":14},"2":{"name":"(anonymous_2)","decl":{"start":{"line":34,"column":2},"end":{"line":34,"column":18}},"loc":{"start":{"line":34,"column":18},"end":{"line":36,"column":5}},"line":34},"3":{"name":"(anonymous_3)","decl":{"start":{"line":52,"column":78},"end":{"line":52,"column":89}},"loc":{"start":{"line":52,"column":95},"end":{"line":52,"column":128}},"line":52},"4":{"name":"(anonymous_4)","decl":{"start":{"line":53,"column":34},"end":{"line":53,"column":49}},"loc":{"start":{"line":53,"column":49},"end":{"line":53,"column":90}},"line":53},"5":{"name":"(anonymous_5)","decl":{"start":{"line":56,"column":130},"end":{"line":56,"column":146}},"loc":{"start":{"line":56,"column":146},"end":{"line":56,"column":null}},"line":56},"6":{"name":"(anonymous_6)","decl":{"start":{"line":58,"column":88},"end":{"line":58,"column":103}},"loc":{"start":{"line":58,"column":103},"end":{"line":58,"column":133}},"line":58},"7":{"name":"(anonymous_7)","decl":{"start":{"line":58,"column":133},"end":{"line":58,"column":149}},"loc":{"start":{"line":58,"column":149},"end":{"line":58,"column":180}},"line":58},"8":{"name":"(anonymous_8)","decl":{"start":{"line":65,"column":79},"end":{"line":65,"column":94}},"loc":{"start":{"line":65,"column":94},"end":{"line":65,"column":133}},"line":65},"9":{"name":"(anonymous_9)","decl":{"start":{"line":65,"column":133},"end":{"line":65,"column":149}},"loc":{"start":{"line":65,"column":149},"end":{"line":65,"column":170}},"line":65},"10":{"name":"(anonymous_10)","decl":{"start":{"line":69,"column":82},"end":{"line":69,"column":97}},"loc":{"start":{"line":69,"column":97},"end":{"line":69,"column":134}},"line":69},"11":{"name":"(anonymous_11)","decl":{"start":{"line":69,"column":134},"end":{"line":69,"column":150}},"loc":{"start":{"line":69,"column":150},"end":{"line":69,"column":169}},"line":69},"12":{"name":"(anonymous_12)","decl":{"start":{"line":80,"column":19},"end":{"line":80,"column":26}},"loc":{"start":{"line":80,"column":31},"end":{"line":84,"column":11}},"line":80},"13":{"name":"(anonymous_13)","decl":{"start":{"line":84,"column":13},"end":{"line":84,"column":18}},"loc":{"start":{"line":85,"column":12},"end":{"line":101,"column":null}},"line":85},"14":{"name":"(anonymous_14)","decl":{"start":{"line":97,"column":40},"end":{"line":97,"column":55}},"loc":{"start":{"line":97,"column":55},"end":{"line":97,"column":106}},"line":97},"15":{"name":"(anonymous_15)","decl":{"start":{"line":98,"column":50},"end":{"line":98,"column":65}},"loc":{"start":{"line":98,"column":65},"end":{"line":98,"column":80}},"line":98},"16":{"name":"(anonymous_16)","decl":{"start":{"line":99,"column":47},"end":{"line":99,"column":62}},"loc":{"start":{"line":99,"column":62},"end":{"line":99,"column":102}},"line":99},"17":{"name":"(anonymous_17)","decl":{"start":{"line":108,"column":8},"end":{"line":108,"column":24}},"loc":{"start":{"line":108,"column":24},"end":{"line":108,"column":null}},"line":108},"18":{"name":"(anonymous_18)","decl":{"start":{"line":109,"column":19},"end":{"line":109,"column":31}},"loc":{"start":{"line":109,"column":31},"end":{"line":122,"column":null}},"line":109}},"branchMap":{"0":{"loc":{"start":{"line":15,"column":4},"end":{"line":15,"column":null}},"type":"if","locations":[{"start":{"line":15,"column":4},"end":{"line":15,"column":null}},{"start":{},"end":{}}],"line":15},"1":{"loc":{"start":{"line":15,"column":8},"end":{"line":15,"column":27}},"type":"binary-expr","locations":[{"start":{"line":15,"column":8},"end":{"line":15,"column":17}},{"start":{"line":15,"column":17},"end":{"line":15,"column":27}}],"line":15},"2":{"loc":{"start":{"line":24,"column":6},"end":{"line":24,"column":null}},"type":"if","locations":[{"start":{"line":24,"column":6},"end":{"line":24,"column":null}},{"start":{},"end":{}}],"line":24},"3":{"loc":{"start":{"line":25,"column":17},"end":{"line":25,"column":27}},"type":"binary-expr","locations":[{"start":{"line":25,"column":17},"end":{"line":25,"column":25}},{"start":{"line":25,"column":25},"end":{"line":25,"column":27}}],"line":25},"4":{"loc":{"start":{"line":45,"column":2},"end":{"line":45,"column":null}},"type":"if","locations":[{"start":{"line":45,"column":2},"end":{"line":45,"column":null}},{"start":{},"end":{}}],"line":45},"5":{"loc":{"start":{"line":45,"column":6},"end":{"line":45,"column":25}},"type":"binary-expr","locations":[{"start":{"line":45,"column":6},"end":{"line":45,"column":15}},{"start":{"line":45,"column":15},"end":{"line":45,"column":25}}],"line":45},"6":{"loc":{"start":{"line":56,"column":44},"end":{"line":56,"column":111}},"type":"cond-expr","locations":[{"start":{"line":56,"column":61},"end":{"line":56,"column":107}},{"start":{"line":56,"column":107},"end":{"line":56,"column":111}}],"line":56},"7":{"loc":{"start":{"line":57,"column":9},"end":{"line":58,"column":null}},"type":"binary-expr","locations":[{"start":{"line":57,"column":9},"end":{"line":57,"column":null}},{"start":{"line":58,"column":10},"end":{"line":58,"column":null}}],"line":57},"8":{"loc":{"start":{"line":62,"column":7},"end":{"line":72,"column":null}},"type":"cond-expr","locations":[{"start":{"line":63,"column":8},"end":{"line":72,"column":null}},{"start":{"line":72,"column":10},"end":{"line":72,"column":null}}],"line":62},"9":{"loc":{"start":{"line":64,"column":11},"end":{"line":68,"column":null}},"type":"binary-expr","locations":[{"start":{"line":64,"column":11},"end":{"line":64,"column":null}},{"start":{"line":65,"column":12},"end":{"line":68,"column":null}}],"line":64},"10":{"loc":{"start":{"line":68,"column":11},"end":{"line":71,"column":null}},"type":"binary-expr","locations":[{"start":{"line":68,"column":11},"end":{"line":68,"column":null}},{"start":{"line":69,"column":12},"end":{"line":71,"column":null}}],"line":68},"11":{"loc":{"start":{"line":74,"column":7},"end":{"line":103,"column":null}},"type":"cond-expr","locations":[{"start":{"line":75,"column":8},"end":{"line":76,"column":18}},{"start":{"line":76,"column":10},"end":{"line":103,"column":null}}],"line":74},"12":{"loc":{"start":{"line":76,"column":10},"end":{"line":103,"column":null}},"type":"cond-expr","locations":[{"start":{"line":77,"column":8},"end":{"line":79,"column":9}},{"start":{"line":79,"column":8},"end":{"line":103,"column":null}}],"line":76},"13":{"loc":{"start":{"line":81,"column":12},"end":{"line":81,"column":null}},"type":"if","locations":[{"start":{"line":81,"column":12},"end":{"line":81,"column":null}},{"start":{},"end":{}}],"line":81},"14":{"loc":{"start":{"line":83,"column":12},"end":{"line":83,"column":null}},"type":"binary-expr","locations":[{"start":{"line":83,"column":12},"end":{"line":83,"column":64}},{"start":{"line":83,"column":58},"end":{"line":83,"column":109}},{"start":{"line":83,"column":103},"end":{"line":83,"column":null}}],"line":83},"15":{"loc":{"start":{"line":83,"column":109},"end":{"line":83,"column":122}},"type":"binary-expr","locations":[{"start":{"line":83,"column":109},"end":{"line":83,"column":118}},{"start":{"line":83,"column":118},"end":{"line":83,"column":122}}],"line":83},"16":{"loc":{"start":{"line":92,"column":321},"end":{"line":92,"column":349}},"type":"binary-expr","locations":[{"start":{"line":92,"column":321},"end":{"line":92,"column":332}},{"start":{"line":92,"column":332},"end":{"line":92,"column":349}}],"line":92},"17":{"loc":{"start":{"line":97,"column":79},"end":{"line":97,"column":103}},"type":"binary-expr","locations":[{"start":{"line":97,"column":79},"end":{"line":97,"column":91}},{"start":{"line":97,"column":91},"end":{"line":97,"column":103}}],"line":97},"18":{"loc":{"start":{"line":110,"column":10},"end":{"line":110,"column":null}},"type":"if","locations":[{"start":{"line":110,"column":10},"end":{"line":110,"column":null}},{"start":{},"end":{}}],"line":110},"19":{"loc":{"start":{"line":113,"column":12},"end":{"line":113,"column":null}},"type":"if","locations":[{"start":{"line":113,"column":12},"end":{"line":113,"column":null}},{"start":{},"end":{}}],"line":113}},"s":{"0":21,"1":21,"2":21,"3":7,"4":1,"5":6,"6":6,"7":6,"8":6,"9":0,"10":6,"11":0,"12":0,"13":6,"14":21,"15":7,"16":21,"17":21,"18":21,"19":21,"20":21,"21":21,"22":21,"23":1,"24":19,"25":1,"26":1,"27":1,"28":0,"29":0,"30":0,"31":0,"32":0,"33":0,"34":0,"35":0,"36":0,"37":6,"38":4,"39":2,"40":2,"41":5,"42":0,"43":0,"44":0,"45":0,"46":0,"47":0,"48":0,"49":0,"50":0,"51":0,"52":0,"53":0,"54":0,"55":0,"56":0,"57":0,"58":0,"59":0,"60":0},"f":{"0":21,"1":7,"2":7,"3":1,"4":1,"5":0,"6":0,"7":0,"8":0,"9":0,"10":0,"11":0,"12":6,"13":5,"14":0,"15":0,"16":0,"17":0,"18":0},"b":{"0":[1,6],"1":[7,6],"2":[0,6],"3":[6,0],"4":[1,20],"5":[21,19],"6":[0,19],"7":[21,0],"8":[19,0],"9":[19,1],"10":[19,0],"11":[6,13],"12":[10,3],"13":[4,2],"14":[2,1,1],"15":[1,0],"16":[5,0],"17":[0,0],"18":[0,0],"19":[0,0]},"meta":{"lastBranch":20,"lastFunction":19,"lastStatement":61,"seen":{"f:10:24:10:36":0,"s:11:18:11:Infinity":0,"s:12:18:12:Infinity":1,"s:14:8:32:Infinity":2,"f:14:34:14:46":1,"b:15:4:15:Infinity:undefined:undefined:undefined:undefined":0,"s:15:4:15:Infinity":3,"b:15:8:15:17:15:17:15:27":1,"s:15:27:15:Infinity":4,"s:16:4:16:Infinity":5,"s:17:4:31:Infinity":6,"s:18:30:22:Infinity":7,"b:24:6:24:Infinity:undefined:undefined:undefined:undefined":2,"s:24:6:24:Infinity":8,"s:24:17:24:Infinity":9,"s:25:6:25:Infinity":10,"b:25:17:25:25:25:25:25:27":3,"s:27:6:27:Infinity":11,"s:28:6:28:Infinity":12,"s:30:6:30:Infinity":13,"s:34:2:36:Infinity":14,"f:34:2:34:18":2,"s:35:4:35:Infinity":15,"s:38:18:38:Infinity":16,"s:39:19:39:Infinity":17,"s:40:25:40:Infinity":18,"s:41:23:41:Infinity":19,"s:42:20:42:Infinity":20,"s:43:19:43:Infinity":21,"b:45:2:45:Infinity:undefined:undefined:undefined:undefined":4,"s:45:2:45:Infinity":22,"b:45:6:45:15:45:15:45:25":5,"s:45:25:45:Infinity":23,"s:47:2:126:Infinity":24,"f:52:78:52:89":3,"s:52:95:52:128":25,"f:53:34:53:49":4,"s:53:51:53:70":26,"s:53:70:53:87":27,"b:56:61:56:107:56:107:56:111":6,"f:56:130:56:146":5,"s:56:146:56:Infinity":28,"b:57:9:57:Infinity:58:10:58:Infinity":7,"f:58:88:58:103":6,"s:58:105:58:130":29,"f:58:133:58:149":7,"s:58:149:58:180":30,"b:63:8:72:Infinity:72:10:72:Infinity":8,"b:64:11:64:Infinity:65:12:68:Infinity":9,"f:65:79:65:94":8,"s:65:96:65:116":31,"s:65:116:65:130":32,"f:65:133:65:149":9,"s:65:149:65:170":33,"b:68:11:68:Infinity:69:12:71:Infinity":10,"f:69:82:69:97":10,"s:69:99:69:117":34,"s:69:117:69:131":35,"f:69:134:69:150":11,"s:69:150:69:169":36,"b:75:8:76:18:76:10:103:Infinity":11,"b:77:8:79:9:79:8:103:Infinity":12,"f:80:19:80:26":12,"b:81:12:81:Infinity:undefined:undefined:undefined:undefined":13,"s:81:12:81:Infinity":37,"s:81:31:81:Infinity":38,"s:82:22:82:Infinity":39,"s:83:12:83:Infinity":40,"b:83:12:83:64:83:58:83:109:83:103:83:Infinity":14,"b:83:109:83:118:83:118:83:122":15,"f:84:13:84:18":13,"s:85:12:101:Infinity":41,"b:92:321:92:332:92:332:92:349":16,"f:97:40:97:55":14,"s:97:57:97:79":42,"s:97:79:97:103":43,"b:97:79:97:91:97:91:97:103":17,"f:98:50:98:65":15,"s:98:65:98:80":44,"f:99:47:99:62":16,"s:99:64:99:80":45,"s:99:80:99:99":46,"f:108:8:108:24":17,"s:108:26:108:47":47,"s:108:47:108:65":48,"f:109:19:109:31":18,"b:110:10:110:Infinity:undefined:undefined:undefined:undefined":18,"s:110:10:110:Infinity":49,"s:110:25:110:Infinity":50,"s:111:10:121:Infinity":51,"s:112:30:112:Infinity":52,"b:113:12:113:Infinity:undefined:undefined:undefined:undefined":19,"s:113:12:113:Infinity":53,"s:113:23:113:Infinity":54,"s:114:12:114:Infinity":55,"s:115:12:115:Infinity":56,"s:116:12:116:Infinity":57,"s:117:12:117:Infinity":58,"s:119:12:119:Infinity":59,"s:120:12:120:Infinity":60}}}
[...]
},"end":{"line":29,"column":null}},"type":"if","locations":[{"start":{"line":29,"column":4},"end":{"line":29,"column":null}},{"start":{},"end":{}}],"line":29},"3":{"loc":{"start":{"line":30,"column":4},"end":{"line":30,"column":null}},"type":"if","locations":[{"start":{"line":30,"column":4},"end":{"line":30,"column":null}},{"start":{},"end":{}}],"line":30},"4":{"loc":{"start":{"line":31,"column":4},"end":{"line":31,"column":null}},"type":"if","locations":[{"start":{"line":31,"column":4},"end":{"line":31,"column":null}},{"start":{},"end":{}}],"line":31},"5":{"loc":{"start":{"line":42,"column":9},"end":{"line":47,"column":null}},"type":"binary-expr","locations":[{"start":{"line":42,"column":9},"end":{"line":42,"column":null}},{"start":{"line":43,"column":10},"end":{"line":47,"column":null}}],"line":42},"6":{"loc":{"start":{"line":50,"column":9},"end":{"line":51,"column":null}},"type":"binary-expr","locations":[{"start":{"line":50,"column":9},"end":{"line":50,"column":null}},{"start":{"line":51,"column":10},"end":{"line":51,"column":null}}],"line":50},"7":{"loc":{"start":{"line":54,"column":9},"end":{"line":59,"column":null}},"type":"binary-expr","locations":[{"start":{"line":54,"column":9},"end":{"line":54,"column":null}},{"start":{"line":55,"column":10},"end":{"line":59,"column":null}}],"line":54}},"s":{"0":7,"1":7,"2":7,"3":0,"4":0,"5":0,"6":0,"7":0,"8":0,"9":7,"10":7,"11":7,"12":2,"13":0,"14":2,"15":1,"16":2,"17":1,"18":2,"19":2,"20":2,"21":7,"22":0},"f":{"0":7,"1":7,"2":0,"3":7,"4":2,"5":2,"6":0},"b":{"0":[0,0],"1":[0,0],"2":[0,2],"3":[1,1],"4":[1,1],"5":[7,5],"6":[7,1],"7":[7,1]},"meta":{"lastBranch":8,"lastFunction":7,"lastStatement":23,"seen":{"f:8:24:8:39":0,"s:9:15:9:Infinity":0,"s:10:18:10:Infinity":1,"s:12:2:26:Infinity":2,"f:12:2:12:18":1,"f:14:13:14:28":2,"b:15:6:21:Infinity:undefined:undefined:undefined:undefined":0,"s:15:6:21:Infinity":3,"s:16:27:16:Infinity":4,"s:17:8:17:Infinity":5,"s:18:29:18:Infinity":6,"b:18:29:18:66:18:66:18:Infinity":1,"s:19:8:19:Infinity":7,"s:20:8:20:Infinity":8,"s:24:4:24:Infinity":9,"s:25:4:25:Infinity":10,"f:25:4:25:17":3,"s:25:17:25:Infinity":11,"f:28:11:28:28":4,"b:29:4:29:Infinity:undefined:undefined:undefined:undefined":2,"s:29:4:29:Infinity":12,"s:29:28:29:Infinity":13,"b:30:4:30:Infinity:undefined:undefined:undefined:undefined":3,"s:30:4:30:Infinity":14,"s:30:27:30:Infinity":15,"b:31:4:31:Infinity:undefined:undefined:undefined:undefined":4,"s:31:4:31:Infinity":16,"s:31:24:31:Infinity":17,"s:34:4:34:Infinity":18,"f:34:4:34:15":5,"s:34:23:34:37":19,"s:35:4:35:Infinity":20,"s:38:2:62:Infinity":21,"b:42:9:42:Infinity:43:10:47:Infinity":5,"b:50:9:50:Infinity:51:10:51:Infinity":6,"f:51:65:51:79":6,"s:51:79:51:110":22,"b:54:9:54:Infinity:55:10:59:Infinity":7}}}
,"/Users/siete/Public/sound-book/src/pages/dashboard/Dashboard.jsx": {"path":"/Users/siete/Public/sound-book/src/pages/dashboard/Dashboard.jsx","statementMap":{"0":{"start":{"line":13,"column":15},"end":{"line":13,"column":null}},"1":{"start":{"line":14,"column":18},"end":{"line":14,"column":null}},"2":{"start":{"line":16,"column":2},"end":{"line":30,"column":null}},"3":{"start":{"line":19,"column":6},"end":{"line":25,"column":null}},"4":{"start":{"line":20,"column":27},"end":{"line":20,"column":null}},"5":{"start":{"line":21,"column":8},"end":{"line":21,"column":null}},"6":{"start":{"line":22,"column":29},"end":{"line":22,"column":null}},"7":{"start":{"line":23,"column":8},"end":{"line":23,"column":null}},"8":{"start":{"line":24,"column":8},"end":{"line":24,"column":null}},"9":{"start":{"line":28,"column":4},"end":{"line":28,"column":null}},"10":{"start":{"line":29,"column":4},"end":{"line":29,"column":null}},"11":{"start":{"line":29,"column":17},"end":{"line":29,"column":null}},"12":{"start":{"line":33,"column":4},"end":{"line":33,"column":null}},"13":{"start":{"line":33,"column":27},"end":{"line":33,"column":null}},"14":{"start":{"line":34,"column":4},"end":{"line":34,"column":null}},"15":{"start":{"line":34,"column":27},"end":{"line":34,"column":null}},"16":{"start":{"line":35,"column":4},"end":{"line":35,"column":null}},"17":{"start":{"line":35,"column":28},"end":{"line":35,"column":null}},"18":{"start":{"line":36,"column":4},"end":{"line":36,"column":null}},"19":{"start":{"line":36,"column":24},"end":{"line":36,"column":null}},"20":{"start":{"line":37,"column":4},"end":{"line":37,"column":null}},"21":{"start":{"line":37,"column":28},"end":{"line":37,"column":null}},"22":{"start":{"line":38,"column":4},"end":{"line":38,"column":null}},"23":{"start":{"line":38,"column":28},"end":{"line":38,"column":null}},"24":{"start":{"line":39,"column":4},"end":{"line":39,"column":null}},"25":{"start":{"line":39,"column":24},"end":{"line":39,"column":null}},"26":{"start":{"line":42,"column":4},"end":{"line":42,"column":null}},"27":{"start":{"line":42,"column":23},"end":{"line":42,"column":37}},"28":{"start":{"line":43,"column":4},"end":{"line":43,"column":null}},"29":{"start":{"line":46,"column":2},"end":{"line":89,"column":null}},"30":{"start":{"line":54,"column":81},"end":{"line":54,"column":110}},"31":{"start":{"line":59,"column":79},"end":{"line":59,"column":109}}},"fnMap":{"0":{"name":"Dashboard","decl":{"start":{"line":12,"column":24},"end":{"line":12,"column":34}},"loc":{"start":{"line":12,"column":54},"end":{"line":91,"column":null}},"line":12},"1":{"name":"(anonymous_1)","decl":{"start":{"line":16,"column":2},"end":{"line":16,"column":18}},"loc":{"start":{"line":16,"column":18},"end":{"line":30,"column":5}},"line":16},"2":{"name":"handlePopState","decl":{"start":{"line":18,"column":13},"end":{"line":18,"column":28}},"loc":{"start":{"line":18,"column":35},"end":{"line":26,"column":null}},"line":18},"3":{"name":"(anonymous_3)","decl":{"start":{"line":29,"column":4},"end":{"line":29,"column":17}},"loc":{"start":{"line":29,"column":17},"end":{"line":29,"column":null}},"line":29},"4":{"name":"handleMenuSelect","decl":{"start":{"line":32,"column":11},"end":{"line":32,"column":28}},"loc":{"start":{"line":32,"column":33},"end":{"line":44,"column":null}},"line":32},"5":{"name":"(anonymous_5)","decl":{"start":{"line":42,"column":4},"end":{"line":42,"column":15}},"loc":{"start":{"line":42,"column":23},"end":{"line":42,"column":37}},"line":42},"6":{"name":"(anonymous_6)","decl":{"start":{"line":54,"column":64},"end":{"line":54,"column":75}},"loc":{"start":{"line":54,"column":81},"end":{"line":54,"column":110}},"line":54},"7":{"name":"(anonymous_7)","decl":{"start":{"line":59,"column":65},"end":{"line":59,"column":79}},"loc":{"start":{"line":59,"column":79},"end":{"line":59,"column":109}},"line":59}},"branchMap":{"0":{"loc":{"start":{"line":19,"column":6},"end":{"line":25,"column":null}},"type":"if","locations":[{"start":{"line":19,"column":6},"end":{"line":25,"column":null}},{"start":{},"end":{}}],"line":19},"1":{"loc":{"start":{"line":22,"column":29},"end":{"line":22,"column":null}},"type":"binary-expr","locations":[{"start":{"line":22,"column":29},"end":{"line":22,"column":66}},{"start":{"line":22,"column":66},"end":{"line":22,"column":null}}],"line":22},"2":{"loc":{"start":{"line":33,"column":4},"end":{"line":33,"column":null}},"type":"if","locations":[{"start":{"line":33,"column":4},"end":{"line":33,"column":null}},{"start":{},"end":{}}],"line":33},"3":{"loc":{"start":{"line":34,"column":4},"end":{"line":34,"column":null}},"type":"if","locations":[{"start":{"line":34,"column":4},"end":{"line":34,"column":null}},{"start":{},"end":{}}],"line":34},"4":{"loc":{"start":{"line":35,"column":4},"end":{"line":35,"column":null}},"type":"if","locations":[{"start":{"line":35,"column":4},"end":{"line":35,"column":null}},{"start":{},"end":{}}],"line":35},"5":{"loc":{"start":{"line":36,"column":4},"end":{"line":36,"column":null}},"type":"if","locations":[{"start":{"line":36,"column":4},"end":{"line":36,"column":null}},{"start":{},"end":{}}],"line":36},"6":{"loc":{"start":{"line":37,"column":4},"end":{"line":37,"column":null}},"type":"if","locations":[{"start":{"line":37,"column":4},"end":{"line":37,"column":null}},{"start":{},"end":{}}],"line":37},"7":{"loc":{"start":{"line":38,"column":4},"end":{"line":38,"column":null}},"type":"if","locations":[{"start":{"line":38,"column":4},"end":{"line":38,"column":null}},{"start":{},"end":{}}],"line":38},"8":{"loc":{"start":{"line":39,"column":4},"end":{"line":39,"column":null}},"type":"if","locations":[{"start":{"line":39,"column":4},"end":{"line":39,"column":null}},{"start":{},"end":{}}],"line":39},"9":{"loc":{"start":{"line":50,"column":9},"end":{"line":55,"column":null}},"type":"binary-expr","locations":[{"start":{"line":50,"column":9},"end":{"line":50,"column":null}},{"start":{"line":51,"column":10},"end":{"line":55,"column":null}}],"line":50},"10":{"loc":{"start":{"line":58,"column":9},"end":{"line":59,"column":null}},"type":"binary-expr","locations":[{"start":{"line":58,"column":9},"end":{"line":58,"column":null}},{"start":{"line":59,"column":10},"end":{"line":59,"column":null}}],"line":58},"11":{"loc":{"start":{"line":62,"column":9},"end":{"line":65,"column":null}},"type":"binary-expr","locations":[{"start":{"line":62,"column":9},"end":{"line":62,"column":null}},{"start":{"line":63,"column":10},"end":{"line":65,"column":null}}],"line":62},"12":{"loc":{"start":{"line":67,"column":9},"end":{"line":71,"column":null}},"type":"binary-expr","locations":[{"start":{"line":67,"column":9},"end":{"line":67,"column":null}},{"start":{"line":68,"column":10},"end":{"line":71,"column":null}}],"line":67},"13":{"loc":{"start":{"line":73,"column":9},"end":{"line":76,"column":null}},"type":"binary-expr","locations":[{"start":{"line":73,"column":9},"end":{"line":73,"column":null}},{"start":{"line":74,"column":10},"end":{"line":76,"column":null}}],"line":73},"14":{"loc":{"start":{"line":78,"column":9},"end":{"line":81,"column":null}},"type":"binary-expr","locations":[{"start":{"line":78,"column":9},"end":{"line":78,"column":null}},{"start":{"line":79,"column":10},"end":{"line":81,"column":null}}],"line":78},"15":{"loc":{"start":{"line":83,"column":9},"end":{"line":86,"column":null}},"type":"binary-expr","locations":[{"start":{"line":83,"column":9},"end":{"line":83,"column":null}},{"start":{"line":84,"column":10},"end":{"line":86,"column":null}}],"line":83}},"s":{"0":12,"1":12,"2":12,"3":0,"4":0,"5":0,"6":0,"7":0,"8":0,"9":12,"10":12,"11":12,"12":5,"13":0,"14":5,"15":1,"16":5,"17":0,"18":5,"19":1,"20":5,"21":1,"22":5,"23":1,"24":5,"25":1,"26":5,"27":5,"28":5,"29":12,"30":0,"31":0},"f":{"0":12,"1":12,"2":0,"3":12,"4":5,"5":5,"6":0,"7":0},"b":{"0":[0,0],"1":[0,0],"2":[0,5],"3":[1,4],"4":[0,5],"5":[1,4],"6":[1,4],"7":[1,4],"8":[1,4],"9":[12,7],"10":[12,1],"11":[12,1],"12":[12,0],"13":[12,1],"14":[12,1],"15":[12,1]},"meta":{"lastBranch":16,"lastFunction":8,"lastStatement":32,"seen":{"f:12:24:12:34":0,"s:13:15:13:Infinity":0,"s:14:18:14:Infinity":1,"s:16:2:30:Infinity":2,"f:16:2:16:18":1,"f:18:13:18:28":2,"b:19:6:25:Infinity:undefined:undefined:undefined:undefined":0,"s:19:6:25:Infinity":3,"s:20:27:20:Infinity":4,"s:21:8:21:Infinity":5,"s:22:29:22:Infinity":6,"b:22:29:22:66:22:66:22:Infinity":1,"s:23:8:23:Infinity":7,"s:24:8:24:Infinity":8,"s:28:4:28:Infinity":9,"s:29:4:29:Infinity":10,"f:29:4:29:17":3,"s:29:17:29:Infinity":11,"f:32:11:32:28":4,"b:33:4:33:Infinity:undefined:undefined:undefined:undefined":2,"s:33:4:33:Infinity":12,"s:33:27:33:Infinity":13,"b:34:4:34:Infinity:undefined:undefined:undefined:undefined":3,"s:34:4:34:Infinity":14,"s:34:27:34:Infinity":15,"b:35:4:35:Infinity:undefined:undefined:undefined:undefined":4,"s:35:4:35:Infinity":16,"s:35:28:35:Infinity":17,"b:36:4:36:Infinity:undefined:undefined:undefined:undefined":5,"s:36:4:36:Infinity":18,"s:36:24:36:Infinity":19,"b:37:4:37:Infinity:undefined:undefined:undefined:undefined":6,"s:37:4:37:Infinity":20,"s:37:28:37:Infinity":21,"b:38:4:38:Infinity:undefined:undefined:undefined:undefined":7,"s:38:4:38:Infinity":22,"s:38:28:38:Infinity":23,"b:39:4:39:Infinity:undefined:undefined:undefined:undefined":8,"s:39:4:39:Infinity":24,"s:39:24:39:Infinity":25,"s:42:4:42:Infinity":26,"f:42:4:42:15":5,"s:42:23:42:37":27,"s:43:4:43:Infinity":28,"s:46:2:89:Infinity":29,"b:50:9:50:Infinity:51:10:55:Infinity":9,"f:54:64:54:75":6,"s:54:81:54:110":30,"b:58:9:58:Infinity:59:10:59:Infinity":10,"f:59:65:59:79":7,"s:59:79:59:109":31,"b:62:9:62:Infinity:63:10:65:Infinity":11,"b:67:9:67:Infinity:68:10:71:Infinity":12,"b:73:9:73:Infinity:74:10:76:Infinity":13,"b:78:9:78:Infinity:79:10:81:Infinity":14,"b:83:9:83:Infinity:84:10:86:Infinity":15}}}
,"/Users/siete/Public/sound-book/src/pages/login/Login.jsx": {"path":"/Users/siete/Public/sound-book/src/pages/login/Login.jsx","statementMap":{"0":{"start":{"line":8,"column":19},"end":{"line":8,"column":null}},"1":{"start":{"line":9,"column":19},"end":{"line":9,"column":null}},"2":{"start":{"line":10,"column":16},"end":{"line":10,"column":null}},"3":{"start":{"line":11,"column":18},"end":{"line":11,"column":null}},"4":{"start":{"line":14,"column":4},"end":{"line":14,"column":null}},"5":{"start":{"line":15,"column":4},"end":{"line":15,"column":null}},"6":{"start":{"line":16,"column":4},"end":{"line":19,"column":null}},"7":{"start":{"line":17,"column":6},"end":{"line":17,"column":null}},"8":{"start":{"line":18,"column":6},"end":{"line":18,"column":null}},"9":{"start":{"line":20,"column":4},"end":{"line":20,"column":null}},"10":{"start":{"line":22,"column":4},"end":{"line":67,"column":null}},"11":{"start":{"line":24,"column":42},"end":{"line":28,"column":null}},"12":{"start":{"line":30,"column":6},"end":{"line":35,"column":null}},"13":{"start":{"line":31,"column":8},"end":{"line":31,"column":null}},"14":{"start":{"line":32,"column":8},"end":{"line":32,"column":null}},"15":{"start":{"line":33,"column":8},"end":{"line":33,"column":null}},"16":{"start":{"line":34,"column":8},"end":{"line":34,"column":null}},"17":{"start":{"line":37,"column":19},"end":{"line":37,"column":null}},"18":{"start":{"line":38,"column":6},"end":{"line":43,"column":null}},"19":{"start":{"line":39,"column":8},"end":{"line":39,"column":null}},"20":{"start":{"line":40,"column":8},"end":{"line":40,"column":null}},"21":{"start":{"line":41,"column":8},"end":{"line":41,"column":null}},"22":{"start":{"line":42,"column":8},"end":{"line":42,"column":null}},"23":{"start":{"line":46,"column":6},"end":{"line":51,"column":null}},"24":{"start":{"line":47,"column":8},"end":{"line":47,"column":null}},"25":{"start":{"line":48,"column":8},"end":{"line":48,"column":null}},"26":{"start":{"line":49,"column":8},"end":{"line":49,"column":null}},"27":{"start":{"line":50,"column":8},"end":{"line":50,"column":null}},"28":{"start":{"line":54,"column":20},"end":{"line":54,"column":null}},"29":{"start":{"line":55,"column":22},"end":{"line":59,"column":null}},"30":{"start":{"line":60,"column":6},"end":{"line":60,"column":null}},"31":{"start":{"line":61,"column":6},"end":{"line":61,"column":null}},"32":{"start":{"line":63,"column":6},"end":{"line":63,"column":null}},"33":{"start":{"line":64,"column":6},"end":{"line":64,"column":null}},"34":{"start":{"line":66,"column":6},"end":{"line":66,"column":null}},"35":{"start":{"line":70,"column":2},"end":{"line":118,"column":null}},"36":{"start":{"line":83,"column":31},"end":{"line":83,"column":null}},"37":{"start":{"line":94,"column":31},"end":{"line":94,"column":null}}},"fnMap":{"0":{"name":"Login","decl":{"start":{"line":7,"column":24},"end":{"line":7,"column":30}},"loc":{"start":{"line":7,"column":43},"end":{"line":120,"column":null}},"line":7},"1":{"name":"handleSubmit","decl":{"start":{"line":13,"column":17},"end":{"line":13,"column":30}},"loc":{"start":{"line":13,"column":33},"end":{"line":68,"column":null}},"line":13},"2":{"name":"(anonymous_2)","decl":{"start":{"line":83,"column":14},"end":{"line":83,"column":25}},"loc":{"start":{"line":83,"column":31},"end":{"line":83,"column":null}},"line":83},"3":{"name":"(anonymous_3)","decl":{"start":{"line":94,"column":14},"end":{"line":94,"column":25}},"loc":{"start":{"line":94,"column":31},"end":{"line":94,"column":null}},"line":94}},"branchMap":{"0":{"loc":{"start":{"line":16,"column":4},"end":{"line":19,"column":null}},"type":"if","locations":[{"start":{"line":16,"column":4},"end":{"line":19,"column":null}},{"start":{},"end":{}}],"line":16},"1":{"loc":{"start":{"line":16,"column":8},"end":{"line":16,"column":32}},"type":"binary-expr","locations":[{"start":{"line":16,"column":8},"end":{"line":16,"column":21}},{"start":{"line":16,"column":21},"end":{"line":16,"column":32}}],"line":16},"2":{"loc":{"start":{"line":30,"column":6},"end":{"line":35,"column":null}},"type":"if","locations":[{"start":{"line":30,"column":6},"end":{"line":35,"column":null}},{"start":{},"end":{}}],"line":30},"3":{"loc":{"start":{"line":37,"column":19},"end":{"line":37,"column":null}},"type":"binary-expr","locations":[{"start":{"line":37,"column":19},"end":{"line":37,"column":27}},{"start":{"line":37,"column":27},"end":{"line":37,"column":null}}],"line":37},"4":{"loc":{"start":{"line":38,"column":6},"end":{"line":43,"column":null}},"type":"if","locations":[{"start":{"line":38,"column":6},"end":{"line":43,"column":null}},{"start":{},"end":{}}],"line":38},"5":{"loc":{"start":{"line":46,"column":6},"end":{"line":51,"column":null}},"type":"if","locations":[{"start":{"line":46,"column":6},"end":{"line":51,"column":null}},{"start":{},"end":{}}],"line":46},"6":{"loc":{"start":{"line":58,"column":25},"end":{"line":58,"column":null}},"type":"binary-expr","locations":[{"start":{"line":58,"column":25},"end":{"line":58,"column":49}},{"start":{"line":58,"column":49},"end":{"line":58,"column":null}}],"line":58},"7":{"loc":{"start":{"line":99,"column":11},"end":{"line":99,"column":null}},"type":"binary-expr","locations":[{"start":{"line":99,"column":11},"end":{"line":99,"column":20}},{"start":{"line":99,"column":20},"end":{"line":99,"column":null}}],"line":99},"8":{"loc":{"start":{"line":102,"column":13},"end":{"line":102,"column":null}},"type":"cond-expr","locations":[{"start":{"line":102,"column":23},"end":{"line":102,"column":41}},{"start":{"line":102,"column":41},"end":{"line":102,"column":null}}],"line":102}},"s":{"0":27,"1":27,"2":27,"3":27,"4":6,"5":6,"6":6,"7":2,"8":2,"9":4,"10":4,"11":4,"12":3,"13":0,"14":0,"15":0,"16":0,"17":3,"18":6,"19":1,"20":1,"21":1,"22":1,"23":2,"24":1,"25":1,"26":1,"27":1,"28":1,"29":1,"30":6,"31":6,"32":0,"33":0,"34":3,"35":27,"36":5,"37":4},"f":{"0":27,"1":6,"2":5,"3":4},"b":{"0":[2,4],"1":[6,5],"2":[0,3],"3":[3,3],"4":[1,5],"5":[1,1],"6":[1,0],"7":[27,4],"8":[4,23]},"meta":{"lastBranch":9,"lastFunction":4,"lastStatement":38,"seen":{"f:7:24:7:30":0,"s:8:19:8:Infinity":0,"s:9:19:9:Infinity":1,"s:10:16:10:Infinity":2,"s:11:18:11:Infinity":3,"f:13:17:13:30":1,"s:14:4:14:Infinity":4,"s:15:4:15:Infinity":5,"b:16:4:19:Infinity:undefined:undefined:undefined:undefined":0,"s:16:4:19:Infinity":6,"b:16:8:16:21:16:21:16:32":1,"s:17:6:17:Infinity":7,"s:18:6:18:Infinity":8,"s:20:4:20:Infinity":9,"s:22:4:67:Infinity":10,"s:24:42:28:Infinity":11,"b:30:6:35:Infinity:undefined:undefined:undefined:undefined":2,"s:30:6:35:Infinity":12,"s:31:8:31:Infinity":13,"s:32:8:32:Infinity":14,"s:33:8:33:Infinity":15,"s:34:8:34:Infinity":16,"s:37:19:37:Infinity":17,"b:37:19:37:27:37:27:37:Infinity":3,"b:38:6:43:Infinity:undefined:undefined:undefined:undefined":4,"s:38:6:43:Infinity":18,"s:39:8:39:Infinity":19,"s:40:8:40:Infinity":20,"s:41:8:41:Infinity":21,"s:42:8:42:Infinity":22,"b:46:6:51:Infinity:undefined:undefined:undefined:undefined":5,"s:46:6:51:Infinity":23,"s:47:8:47:Infinity":24,"s:48:8:48:Infinity":25,"s:49:8:49:Infinity":26,"s:50:8:50:Infinity":27,"s:54:20:54:Infinity":28,"s:55:22:59:Infinity":29,"b:58:25:58:49:58:49:58:Infinity":6,"s:60:6:60:Infinity":30,"s:61:6:61:Infinity":31,"s:63:6:63:Infinity":32,"s:64:6:64:Infinity":33,"s:66:6:66:Infinity":34,"s:70:2:118:Infinity":35,"f:83:14:83:25":2,"s:83:31:83:Infinity":36,"f:94:14:94:25":3,"s:94:31:94:Infinity":37,"b:99:11:99:20:99:20:99:Infinity":7,"b:102:23:102:41:102:41:102:Infinity":8}}}
}
